18-Oct-2021 01:55:53.418 INFO [main] org.apache.catalina.startup.VersionLoggerListener.log Server version name:   Apache Tomcat/9.0.34
18-Oct-2021 01:55:53.423 INFO [main] org.apache.catalina.startup.VersionLoggerListener.log Server built:          Apr 3 2020 12:02:52 UTC
18-Oct-2021 01:55:53.423 INFO [main] org.apache.catalina.startup.VersionLoggerListener.log Server version number: 9.0.34.0
18-Oct-2021 01:55:53.423 INFO [main] org.apache.catalina.startup.VersionLoggerListener.log OS Name:               Windows 10
18-Oct-2021 01:55:53.424 INFO [main] org.apache.catalina.startup.VersionLoggerListener.log OS Version:            10.0
18-Oct-2021 01:55:53.424 INFO [main] org.apache.catalina.startup.VersionLoggerListener.log Architecture:          amd64
18-Oct-2021 01:55:53.424 INFO [main] org.apache.catalina.startup.VersionLoggerListener.log Java Home:             C:\Program Files\Java\jdk1.8.0_261\jre
18-Oct-2021 01:55:53.424 INFO [main] org.apache.catalina.startup.VersionLoggerListener.log JVM Version:           1.8.0_261-b12
18-Oct-2021 01:55:53.424 INFO [main] org.apache.catalina.startup.VersionLoggerListener.log JVM Vendor:            Oracle Corporation
18-Oct-2021 01:55:53.424 INFO [main] org.apache.catalina.startup.VersionLoggerListener.log CATALINA_BASE:         E:\My Study\FPT\Summer 2021\PRJ301\apache-tomcat-9.0.34
18-Oct-2021 01:55:53.424 INFO [main] org.apache.catalina.startup.VersionLoggerListener.log CATALINA_HOME:         E:\My Study\FPT\Summer 2021\PRJ301\apache-tomcat-9.0.34
18-Oct-2021 01:55:53.431 INFO [main] org.apache.catalina.startup.VersionLoggerListener.log Command line argument: -Djava.util.logging.config.file=E:\My Study\FPT\Summer 2021\PRJ301\apache-tomcat-9.0.34\conf\logging.properties
18-Oct-2021 01:55:53.431 INFO [main] org.apache.catalina.startup.VersionLoggerListener.log Command line argument: -Djava.util.logging.manager=org.apache.juli.ClassLoaderLogManager
18-Oct-2021 01:55:53.431 INFO [main] org.apache.catalina.startup.VersionLoggerListener.log Command line argument: -Dhttp.nonProxyHosts=localhost|127.0.0.1|LAPTOP-ART8FMS6
18-Oct-2021 01:55:53.431 INFO [main] org.apache.catalina.startup.VersionLoggerListener.log Command line argument: -Djdk.tls.ephemeralDHKeySize=2048
18-Oct-2021 01:55:53.431 INFO [main] org.apache.catalina.startup.VersionLoggerListener.log Command line argument: -Djava.protocol.handler.pkgs=org.apache.catalina.webresources
18-Oct-2021 01:55:53.431 INFO [main] org.apache.catalina.startup.VersionLoggerListener.log Command line argument: -Dignore.endorsed.dirs=
18-Oct-2021 01:55:53.431 INFO [main] org.apache.catalina.startup.VersionLoggerListener.log Command line argument: -Dcatalina.base=E:\My Study\FPT\Summer 2021\PRJ301\apache-tomcat-9.0.34
18-Oct-2021 01:55:53.432 INFO [main] org.apache.catalina.startup.VersionLoggerListener.log Command line argument: -Dcatalina.home=E:\My Study\FPT\Summer 2021\PRJ301\apache-tomcat-9.0.34
18-Oct-2021 01:55:53.432 INFO [main] org.apache.catalina.startup.VersionLoggerListener.log Command line argument: -Djava.io.tmpdir=E:\My Study\FPT\Summer 2021\PRJ301\apache-tomcat-9.0.34\temp
18-Oct-2021 01:55:53.432 INFO [main] org.apache.catalina.core.AprLifecycleListener.lifecycleEvent Loaded APR based Apache Tomcat Native library [1.2.23] using APR version [1.7.0].
18-Oct-2021 01:55:53.432 INFO [main] org.apache.catalina.core.AprLifecycleListener.lifecycleEvent APR capabilities: IPv6 [true], sendfile [true], accept filters [false], random [true].
18-Oct-2021 01:55:53.432 INFO [main] org.apache.catalina.core.AprLifecycleListener.lifecycleEvent APR/OpenSSL configuration: useAprConnector [false], useOpenSSL [true]
18-Oct-2021 01:55:53.459 INFO [main] org.apache.catalina.core.AprLifecycleListener.initializeSSL OpenSSL successfully initialized [OpenSSL 1.1.1c  28 May 2019]
18-Oct-2021 01:55:54.394 INFO [main] org.apache.coyote.AbstractProtocol.init Initializing ProtocolHandler ["http-nio-8080"]
18-Oct-2021 01:55:54.776 INFO [main] org.apache.catalina.startup.Catalina.load Server initialization in [1,830] milliseconds
18-Oct-2021 01:55:54.895 INFO [main] org.apache.catalina.core.StandardService.startInternal Starting service [Catalina]
18-Oct-2021 01:55:54.895 INFO [main] org.apache.catalina.core.StandardEngine.startInternal Starting Servlet engine: [Apache Tomcat/9.0.34]
18-Oct-2021 01:55:54.916 INFO [main] org.apache.catalina.startup.HostConfig.deployDescriptor Deploying deployment descriptor [E:\My Study\FPT\Summer 2021\PRJ301\apache-tomcat-9.0.34\conf\Catalina\localhost\Calculator.xml]
18-Oct-2021 01:55:54.967 WARNING [main] org.apache.catalina.startup.HostConfig.deployDescriptor The path attribute with value [/Calculator] in deployment descriptor [E:\My Study\FPT\Summer 2021\PRJ301\apache-tomcat-9.0.34\conf\Catalina\localhost\Calculator.xml] has been ignored
18-Oct-2021 01:55:55.495 INFO [main] org.apache.catalina.startup.HostConfig.deployDescriptor Deployment of deployment descriptor [E:\My Study\FPT\Summer 2021\PRJ301\apache-tomcat-9.0.34\conf\Catalina\localhost\Calculator.xml] has finished in [578] ms
18-Oct-2021 01:55:55.495 INFO [main] org.apache.catalina.startup.HostConfig.deployDescriptor Deploying deployment descriptor [E:\My Study\FPT\Summer 2021\PRJ301\apache-tomcat-9.0.34\conf\Catalina\localhost\CourseWeb.xml]
18-Oct-2021 01:55:55.497 WARNING [main] org.apache.catalina.startup.HostConfig.deployDescriptor The path attribute with value [/CourseWeb] in deployment descriptor [E:\My Study\FPT\Summer 2021\PRJ301\apache-tomcat-9.0.34\conf\Catalina\localhost\CourseWeb.xml] has been ignored
18-Oct-2021 01:55:56.722 INFO [main] org.apache.jasper.servlet.TldScanner.scanJars At least one JAR was scanned for TLDs yet contained no TLDs. Enable debug logging for this logger for a complete list of JARs that were scanned but no TLDs were found in them. Skipping unneeded JARs during scanning can improve startup time and JSP compilation time.
18-Oct-2021 01:55:56.861 INFO [main] org.apache.catalina.startup.HostConfig.deployDescriptor Deployment of deployment descriptor [E:\My Study\FPT\Summer 2021\PRJ301\apache-tomcat-9.0.34\conf\Catalina\localhost\CourseWeb.xml] has finished in [1,365] ms
18-Oct-2021 01:55:56.861 INFO [main] org.apache.catalina.startup.HostConfig.deployDescriptor Deploying deployment descriptor [E:\My Study\FPT\Summer 2021\PRJ301\apache-tomcat-9.0.34\conf\Catalina\localhost\Day3_Lab.xml]
18-Oct-2021 01:55:56.866 WARNING [main] org.apache.catalina.startup.HostConfig.deployDescriptor The path attribute with value [/Day3_Lab] in deployment descriptor [E:\My Study\FPT\Summer 2021\PRJ301\apache-tomcat-9.0.34\conf\Catalina\localhost\Day3_Lab.xml] has been ignored
18-Oct-2021 01:55:56.992 INFO [main] org.apache.catalina.startup.HostConfig.deployDescriptor Deployment of deployment descriptor [E:\My Study\FPT\Summer 2021\PRJ301\apache-tomcat-9.0.34\conf\Catalina\localhost\Day3_Lab.xml] has finished in [131] ms
18-Oct-2021 01:55:56.993 INFO [main] org.apache.catalina.startup.HostConfig.deployDescriptor Deploying deployment descriptor [E:\My Study\FPT\Summer 2021\PRJ301\apache-tomcat-9.0.34\conf\Catalina\localhost\loginWebProject.xml]
18-Oct-2021 01:55:56.996 WARNING [main] org.apache.catalina.startup.HostConfig.deployDescriptor The path attribute with value [/loginWebProject] in deployment descriptor [E:\My Study\FPT\Summer 2021\PRJ301\apache-tomcat-9.0.34\conf\Catalina\localhost\loginWebProject.xml] has been ignored
18-Oct-2021 01:55:57.399 INFO [main] org.apache.jasper.servlet.TldScanner.scanJars At least one JAR was scanned for TLDs yet contained no TLDs. Enable debug logging for this logger for a complete list of JARs that were scanned but no TLDs were found in them. Skipping unneeded JARs during scanning can improve startup time and JSP compilation time.
18-Oct-2021 01:55:57.403 INFO [main] org.apache.catalina.startup.HostConfig.deployDescriptor Deployment of deployment descriptor [E:\My Study\FPT\Summer 2021\PRJ301\apache-tomcat-9.0.34\conf\Catalina\localhost\loginWebProject.xml] has finished in [410] ms
18-Oct-2021 01:55:57.403 INFO [main] org.apache.catalina.startup.HostConfig.deployDescriptor Deploying deployment descriptor [E:\My Study\FPT\Summer 2021\PRJ301\apache-tomcat-9.0.34\conf\Catalina\localhost\MVC.xml]
18-Oct-2021 01:55:57.405 WARNING [main] org.apache.catalina.startup.HostConfig.deployDescriptor The path attribute with value [/MVC] in deployment descriptor [E:\My Study\FPT\Summer 2021\PRJ301\apache-tomcat-9.0.34\conf\Catalina\localhost\MVC.xml] has been ignored
18-Oct-2021 01:55:57.413 SEVERE [main] org.apache.catalina.startup.HostConfig.deployDescriptor Error deploying deployment descriptor [E:\My Study\FPT\Summer 2021\PRJ301\apache-tomcat-9.0.34\conf\Catalina\localhost\MVC.xml]
	java.lang.IllegalStateException: Error starting child
		at org.apache.catalina.core.ContainerBase.addChildInternal(ContainerBase.java:720)
		at org.apache.catalina.core.ContainerBase.addChild(ContainerBase.java:690)
		at org.apache.catalina.core.StandardHost.addChild(StandardHost.java:705)
		at org.apache.catalina.startup.HostConfig.deployDescriptor(HostConfig.java:631)
		at org.apache.catalina.startup.HostConfig$DeployDescriptor.run(HostConfig.java:1831)
		at java.util.concurrent.Executors$RunnableAdapter.call(Executors.java:511)
		at java.util.concurrent.FutureTask.run(FutureTask.java:266)
		at org.apache.tomcat.util.threads.InlineExecutorService.execute(InlineExecutorService.java:75)
		at java.util.concurrent.AbstractExecutorService.submit(AbstractExecutorService.java:112)
		at org.apache.catalina.startup.HostConfig.deployDescriptors(HostConfig.java:526)
		at org.apache.catalina.startup.HostConfig.deployApps(HostConfig.java:425)
		at org.apache.catalina.startup.HostConfig.start(HostConfig.java:1576)
		at org.apache.catalina.startup.HostConfig.lifecycleEvent(HostConfig.java:309)
		at org.apache.catalina.util.LifecycleBase.fireLifecycleEvent(LifecycleBase.java:123)
		at org.apache.catalina.util.LifecycleBase.setStateInternal(LifecycleBase.java:423)
		at org.apache.catalina.util.LifecycleBase.setState(LifecycleBase.java:366)
		at org.apache.catalina.core.ContainerBase.startInternal(ContainerBase.java:936)
		at org.apache.catalina.core.StandardHost.startInternal(StandardHost.java:841)
		at org.apache.catalina.util.LifecycleBase.start(LifecycleBase.java:183)
		at org.apache.catalina.core.ContainerBase$StartChild.call(ContainerBase.java:1384)
		at org.apache.catalina.core.ContainerBase$StartChild.call(ContainerBase.java:1374)
		at java.util.concurrent.FutureTask.run(FutureTask.java:266)
		at org.apache.tomcat.util.threads.InlineExecutorService.execute(InlineExecutorService.java:75)
		at java.util.concurrent.AbstractExecutorService.submit(AbstractExecutorService.java:134)
		at org.apache.catalina.core.ContainerBase.startInternal(ContainerBase.java:909)
		at org.apache.catalina.core.StandardEngine.startInternal(StandardEngine.java:262)
		at org.apache.catalina.util.LifecycleBase.start(LifecycleBase.java:183)
		at org.apache.catalina.core.StandardService.startInternal(StandardService.java:421)
		at org.apache.catalina.util.LifecycleBase.start(LifecycleBase.java:183)
		at org.apache.catalina.core.StandardServer.startInternal(StandardServer.java:930)
		at org.apache.catalina.util.LifecycleBase.start(LifecycleBase.java:183)
		at org.apache.catalina.startup.Catalina.start(Catalina.java:633)
		at sun.reflect.NativeMethodAccessorImpl.invoke0(Native Method)
		at sun.reflect.NativeMethodAccessorImpl.invoke(NativeMethodAccessorImpl.java:62)
		at sun.reflect.DelegatingMethodAccessorImpl.invoke(DelegatingMethodAccessorImpl.java:43)
		at java.lang.reflect.Method.invoke(Method.java:498)
		at org.apache.catalina.startup.Bootstrap.start(Bootstrap.java:343)
		at org.apache.catalina.startup.Bootstrap.main(Bootstrap.java:474)
	Caused by: org.apache.catalina.LifecycleException: Failed to start component [org.apache.catalina.webresources.StandardRoot@2e6a5539]
		at org.apache.catalina.util.LifecycleBase.handleSubClassException(LifecycleBase.java:440)
		at org.apache.catalina.util.LifecycleBase.start(LifecycleBase.java:198)
		at org.apache.catalina.core.StandardContext.resourcesStart(StandardContext.java:4805)
		at org.apache.catalina.core.StandardContext.startInternal(StandardContext.java:4940)
		at org.apache.catalina.util.LifecycleBase.start(LifecycleBase.java:183)
		at org.apache.catalina.core.ContainerBase.addChildInternal(ContainerBase.java:717)
		... 37 more
	Caused by: java.lang.IllegalArgumentException: The main resource set specified [E:\My Study\FPT\Summer 2021\PRJ301\MVC\build\web] is not valid
		at org.apache.catalina.webresources.StandardRoot.createMainResourceSet(StandardRoot.java:752)
		at org.apache.catalina.webresources.StandardRoot.startInternal(StandardRoot.java:709)
		at org.apache.catalina.util.LifecycleBase.start(LifecycleBase.java:183)
		... 41 more
18-Oct-2021 01:55:57.452 INFO [main] org.apache.catalina.startup.HostConfig.deployDescriptor Deployment of deployment descriptor [E:\My Study\FPT\Summer 2021\PRJ301\apache-tomcat-9.0.34\conf\Catalina\localhost\MVC.xml] has finished in [49] ms
18-Oct-2021 01:55:57.452 INFO [main] org.apache.catalina.startup.HostConfig.deployDescriptor Deploying deployment descriptor [E:\My Study\FPT\Summer 2021\PRJ301\apache-tomcat-9.0.34\conf\Catalina\localhost\PE_DE150256_SE1502.xml]
18-Oct-2021 01:55:57.454 WARNING [main] org.apache.catalina.startup.HostConfig.deployDescriptor The path attribute with value [/PE_DE150256_SE1502] in deployment descriptor [E:\My Study\FPT\Summer 2021\PRJ301\apache-tomcat-9.0.34\conf\Catalina\localhost\PE_DE150256_SE1502.xml] has been ignored
18-Oct-2021 01:55:58.569 INFO [main] org.apache.jasper.servlet.TldScanner.scanJars At least one JAR was scanned for TLDs yet contained no TLDs. Enable debug logging for this logger for a complete list of JARs that were scanned but no TLDs were found in them. Skipping unneeded JARs during scanning can improve startup time and JSP compilation time.
18-Oct-2021 01:55:58.675 INFO [main] org.apache.catalina.startup.HostConfig.deployDescriptor Deployment of deployment descriptor [E:\My Study\FPT\Summer 2021\PRJ301\apache-tomcat-9.0.34\conf\Catalina\localhost\PE_DE150256_SE1502.xml] has finished in [1,223] ms
18-Oct-2021 01:55:58.676 INFO [main] org.apache.catalina.startup.HostConfig.deployDescriptor Deploying deployment descriptor [E:\My Study\FPT\Summer 2021\PRJ301\apache-tomcat-9.0.34\conf\Catalina\localhost\PRJ301_Workshop1.xml]
18-Oct-2021 01:55:58.680 WARNING [main] org.apache.catalina.startup.HostConfig.deployDescriptor The path attribute with value [/PRJ301_Workshop1] in deployment descriptor [E:\My Study\FPT\Summer 2021\PRJ301\apache-tomcat-9.0.34\conf\Catalina\localhost\PRJ301_Workshop1.xml] has been ignored
18-Oct-2021 01:55:59.417 INFO [main] org.apache.jasper.servlet.TldScanner.scanJars At least one JAR was scanned for TLDs yet contained no TLDs. Enable debug logging for this logger for a complete list of JARs that were scanned but no TLDs were found in them. Skipping unneeded JARs during scanning can improve startup time and JSP compilation time.
18-Oct-2021 01:55:59.449 INFO [main] org.apache.catalina.startup.HostConfig.deployDescriptor Deployment of deployment descriptor [E:\My Study\FPT\Summer 2021\PRJ301\apache-tomcat-9.0.34\conf\Catalina\localhost\PRJ301_Workshop1.xml] has finished in [773] ms
18-Oct-2021 01:55:59.449 INFO [main] org.apache.catalina.startup.HostConfig.deployDescriptor Deploying deployment descriptor [E:\My Study\FPT\Summer 2021\PRJ301\apache-tomcat-9.0.34\conf\Catalina\localhost\ProjectDay3_EL.xml]
18-Oct-2021 01:55:59.452 WARNING [main] org.apache.catalina.startup.HostConfig.deployDescriptor The path attribute with value [/ProjectDay3_EL] in deployment descriptor [E:\My Study\FPT\Summer 2021\PRJ301\apache-tomcat-9.0.34\conf\Catalina\localhost\ProjectDay3_EL.xml] has been ignored
18-Oct-2021 01:55:59.938 INFO [main] org.apache.jasper.servlet.TldScanner.scanJars At least one JAR was scanned for TLDs yet contained no TLDs. Enable debug logging for this logger for a complete list of JARs that were scanned but no TLDs were found in them. Skipping unneeded JARs during scanning can improve startup time and JSP compilation time.
18-Oct-2021 01:55:59.987 INFO [main] org.apache.catalina.startup.HostConfig.deployDescriptor Deployment of deployment descriptor [E:\My Study\FPT\Summer 2021\PRJ301\apache-tomcat-9.0.34\conf\Catalina\localhost\ProjectDay3_EL.xml] has finished in [537] ms
18-Oct-2021 01:55:59.987 INFO [main] org.apache.catalina.startup.HostConfig.deployDescriptor Deploying deployment descriptor [E:\My Study\FPT\Summer 2021\PRJ301\apache-tomcat-9.0.34\conf\Catalina\localhost\sanpham.xml]
18-Oct-2021 01:55:59.991 WARNING [main] org.apache.catalina.startup.HostConfig.deployDescriptor The path attribute with value [/sanpham] in deployment descriptor [E:\My Study\FPT\Summer 2021\PRJ301\apache-tomcat-9.0.34\conf\Catalina\localhost\sanpham.xml] has been ignored
18-Oct-2021 01:56:01.466 INFO [main] org.apache.jasper.servlet.TldScanner.scanJars At least one JAR was scanned for TLDs yet contained no TLDs. Enable debug logging for this logger for a complete list of JARs that were scanned but no TLDs were found in them. Skipping unneeded JARs during scanning can improve startup time and JSP compilation time.
18-Oct-2021 01:56:01.537 INFO [main] org.apache.catalina.startup.HostConfig.deployDescriptor Deployment of deployment descriptor [E:\My Study\FPT\Summer 2021\PRJ301\apache-tomcat-9.0.34\conf\Catalina\localhost\sanpham.xml] has finished in [1,550] ms
18-Oct-2021 01:56:01.538 INFO [main] org.apache.catalina.startup.HostConfig.deployDescriptor Deploying deployment descriptor [E:\My Study\FPT\Summer 2021\PRJ301\apache-tomcat-9.0.34\conf\Catalina\localhost\SE1502_JSP.xml]
18-Oct-2021 01:56:01.540 WARNING [main] org.apache.catalina.startup.HostConfig.deployDescriptor The path attribute with value [/SE1502_JSP] in deployment descriptor [E:\My Study\FPT\Summer 2021\PRJ301\apache-tomcat-9.0.34\conf\Catalina\localhost\SE1502_JSP.xml] has been ignored
18-Oct-2021 01:56:01.586 INFO [main] org.apache.catalina.startup.HostConfig.deployDescriptor Deployment of deployment descriptor [E:\My Study\FPT\Summer 2021\PRJ301\apache-tomcat-9.0.34\conf\Catalina\localhost\SE1502_JSP.xml] has finished in [49] ms
18-Oct-2021 01:56:01.587 INFO [main] org.apache.catalina.startup.HostConfig.deployDescriptor Deploying deployment descriptor [E:\My Study\FPT\Summer 2021\PRJ301\apache-tomcat-9.0.34\conf\Catalina\localhost\SE1502_TestDB_Lab4.xml]
18-Oct-2021 01:56:01.588 WARNING [main] org.apache.catalina.startup.HostConfig.deployDescriptor The path attribute with value [/SE1502_TestDB_Lab4] in deployment descriptor [E:\My Study\FPT\Summer 2021\PRJ301\apache-tomcat-9.0.34\conf\Catalina\localhost\SE1502_TestDB_Lab4.xml] has been ignored
18-Oct-2021 01:56:02.438 INFO [main] org.apache.jasper.servlet.TldScanner.scanJars At least one JAR was scanned for TLDs yet contained no TLDs. Enable debug logging for this logger for a complete list of JARs that were scanned but no TLDs were found in them. Skipping unneeded JARs during scanning can improve startup time and JSP compilation time.
18-Oct-2021 01:56:02.480 INFO [main] org.apache.catalina.startup.HostConfig.deployDescriptor Deployment of deployment descriptor [E:\My Study\FPT\Summer 2021\PRJ301\apache-tomcat-9.0.34\conf\Catalina\localhost\SE1502_TestDB_Lab4.xml] has finished in [893] ms
18-Oct-2021 01:56:02.481 INFO [main] org.apache.catalina.startup.HostConfig.deployDescriptor Deploying deployment descriptor [E:\My Study\FPT\Summer 2021\PRJ301\apache-tomcat-9.0.34\conf\Catalina\localhost\workshop2_Se1502.xml]
18-Oct-2021 01:56:02.486 WARNING [main] org.apache.catalina.startup.HostConfig.deployDescriptor The path attribute with value [/workshop2_Se1502] in deployment descriptor [E:\My Study\FPT\Summer 2021\PRJ301\apache-tomcat-9.0.34\conf\Catalina\localhost\workshop2_Se1502.xml] has been ignored
18-Oct-2021 01:56:02.498 SEVERE [main] org.apache.catalina.startup.HostConfig.deployDescriptor Error deploying deployment descriptor [E:\My Study\FPT\Summer 2021\PRJ301\apache-tomcat-9.0.34\conf\Catalina\localhost\workshop2_Se1502.xml]
	java.lang.IllegalStateException: Error starting child
		at org.apache.catalina.core.ContainerBase.addChildInternal(ContainerBase.java:720)
		at org.apache.catalina.core.ContainerBase.addChild(ContainerBase.java:690)
		at org.apache.catalina.core.StandardHost.addChild(StandardHost.java:705)
		at org.apache.catalina.startup.HostConfig.deployDescriptor(HostConfig.java:631)
		at org.apache.catalina.startup.HostConfig$DeployDescriptor.run(HostConfig.java:1831)
		at java.util.concurrent.Executors$RunnableAdapter.call(Executors.java:511)
		at java.util.concurrent.FutureTask.run(FutureTask.java:266)
		at org.apache.tomcat.util.threads.InlineExecutorService.execute(InlineExecutorService.java:75)
		at java.util.concurrent.AbstractExecutorService.submit(AbstractExecutorService.java:112)
		at org.apache.catalina.startup.HostConfig.deployDescriptors(HostConfig.java:526)
		at org.apache.catalina.startup.HostConfig.deployApps(HostConfig.java:425)
		at org.apache.catalina.startup.HostConfig.start(HostConfig.java:1576)
		at org.apache.catalina.startup.HostConfig.lifecycleEvent(HostConfig.java:309)
		at org.apache.catalina.util.LifecycleBase.fireLifecycleEvent(LifecycleBase.java:123)
		at org.apache.catalina.util.LifecycleBase.setStateInternal(LifecycleBase.java:423)
		at org.apache.catalina.util.LifecycleBase.setState(LifecycleBase.java:366)
		at org.apache.catalina.core.ContainerBase.startInternal(ContainerBase.java:936)
		at org.apache.catalina.core.StandardHost.startInternal(StandardHost.java:841)
		at org.apache.catalina.util.LifecycleBase.start(LifecycleBase.java:183)
		at org.apache.catalina.core.ContainerBase$StartChild.call(ContainerBase.java:1384)
		at org.apache.catalina.core.ContainerBase$StartChild.call(ContainerBase.java:1374)
		at java.util.concurrent.FutureTask.run(FutureTask.java:266)
		at org.apache.tomcat.util.threads.InlineExecutorService.execute(InlineExecutorService.java:75)
		at java.util.concurrent.AbstractExecutorService.submit(AbstractExecutorService.java:134)
		at org.apache.catalina.core.ContainerBase.startInternal(ContainerBase.java:909)
		at org.apache.catalina.core.StandardEngine.startInternal(StandardEngine.java:262)
		at org.apache.catalina.util.LifecycleBase.start(LifecycleBase.java:183)
		at org.apache.catalina.core.StandardService.startInternal(StandardService.java:421)
		at org.apache.catalina.util.LifecycleBase.start(LifecycleBase.java:183)
		at org.apache.catalina.core.StandardServer.startInternal(StandardServer.java:930)
		at org.apache.catalina.util.LifecycleBase.start(LifecycleBase.java:183)
		at org.apache.catalina.startup.Catalina.start(Catalina.java:633)
		at sun.reflect.NativeMethodAccessorImpl.invoke0(Native Method)
		at sun.reflect.NativeMethodAccessorImpl.invoke(NativeMethodAccessorImpl.java:62)
		at sun.reflect.DelegatingMethodAccessorImpl.invoke(DelegatingMethodAccessorImpl.java:43)
		at java.lang.reflect.Method.invoke(Method.java:498)
		at org.apache.catalina.startup.Bootstrap.start(Bootstrap.java:343)
		at org.apache.catalina.startup.Bootstrap.main(Bootstrap.java:474)
	Caused by: org.apache.catalina.LifecycleException: Failed to start component [org.apache.catalina.webresources.StandardRoot@ef60710]
		at org.apache.catalina.util.LifecycleBase.handleSubClassException(LifecycleBase.java:440)
		at org.apache.catalina.util.LifecycleBase.start(LifecycleBase.java:198)
		at org.apache.catalina.core.StandardContext.resourcesStart(StandardContext.java:4805)
		at org.apache.catalina.core.StandardContext.startInternal(StandardContext.java:4940)
		at org.apache.catalina.util.LifecycleBase.start(LifecycleBase.java:183)
		at org.apache.catalina.core.ContainerBase.addChildInternal(ContainerBase.java:717)
		... 37 more
	Caused by: java.lang.IllegalArgumentException: The main resource set specified [C:\Users\Hi\Desktop\workshop2_Se1502_TranNguyenPhungTri_DE150048\workshop2_Se1502\build\web] is not valid
		at org.apache.catalina.webresources.StandardRoot.createMainResourceSet(StandardRoot.java:752)
		at org.apache.catalina.webresources.StandardRoot.startInternal(StandardRoot.java:709)
		at org.apache.catalina.util.LifecycleBase.start(LifecycleBase.java:183)
		... 41 more
18-Oct-2021 01:56:02.513 INFO [main] org.apache.catalina.startup.HostConfig.deployDescriptor Deployment of deployment descriptor [E:\My Study\FPT\Summer 2021\PRJ301\apache-tomcat-9.0.34\conf\Catalina\localhost\workshop2_Se1502.xml] has finished in [31] ms
18-Oct-2021 01:56:02.515 INFO [main] org.apache.catalina.startup.HostConfig.deployDirectory Deploying web application directory [E:\My Study\FPT\Summer 2021\PRJ301\apache-tomcat-9.0.34\webapps\docs]
18-Oct-2021 01:56:02.667 INFO [main] org.apache.catalina.startup.HostConfig.deployDirectory Deployment of web application directory [E:\My Study\FPT\Summer 2021\PRJ301\apache-tomcat-9.0.34\webapps\docs] has finished in [152] ms
18-Oct-2021 01:56:02.668 INFO [main] org.apache.catalina.startup.HostConfig.deployDirectory Deploying web application directory [E:\My Study\FPT\Summer 2021\PRJ301\apache-tomcat-9.0.34\webapps\examples]
18-Oct-2021 01:56:04.194 INFO [main] org.apache.catalina.startup.HostConfig.deployDirectory Deployment of web application directory [E:\My Study\FPT\Summer 2021\PRJ301\apache-tomcat-9.0.34\webapps\examples] has finished in [1,526] ms
18-Oct-2021 01:56:04.194 INFO [main] org.apache.catalina.startup.HostConfig.deployDirectory Deploying web application directory [E:\My Study\FPT\Summer 2021\PRJ301\apache-tomcat-9.0.34\webapps\host-manager]
18-Oct-2021 01:56:04.242 INFO [main] org.apache.catalina.startup.HostConfig.deployDirectory Deployment of web application directory [E:\My Study\FPT\Summer 2021\PRJ301\apache-tomcat-9.0.34\webapps\host-manager] has finished in [48] ms
18-Oct-2021 01:56:04.243 INFO [main] org.apache.catalina.startup.HostConfig.deployDirectory Deploying web application directory [E:\My Study\FPT\Summer 2021\PRJ301\apache-tomcat-9.0.34\webapps\manager]
18-Oct-2021 01:56:04.299 INFO [main] org.apache.catalina.startup.HostConfig.deployDirectory Deployment of web application directory [E:\My Study\FPT\Summer 2021\PRJ301\apache-tomcat-9.0.34\webapps\manager] has finished in [55] ms
18-Oct-2021 01:56:04.299 INFO [main] org.apache.catalina.startup.HostConfig.deployDirectory Deploying web application directory [E:\My Study\FPT\Summer 2021\PRJ301\apache-tomcat-9.0.34\webapps\ROOT]
18-Oct-2021 01:56:04.432 INFO [main] org.apache.catalina.startup.HostConfig.deployDirectory Deployment of web application directory [E:\My Study\FPT\Summer 2021\PRJ301\apache-tomcat-9.0.34\webapps\ROOT] has finished in [131] ms
18-Oct-2021 01:56:04.456 INFO [main] org.apache.coyote.AbstractProtocol.start Starting ProtocolHandler ["http-nio-8080"]
18-Oct-2021 01:56:04.510 INFO [main] org.apache.catalina.startup.Catalina.start Server startup in [9,734] milliseconds
18-Oct-2021 01:56:13.952 INFO [http-nio-8080-exec-7] org.apache.catalina.startup.HostConfig.deployDescriptor Deploying deployment descriptor [E:\My Study\FPT\Summer 2021\PRJ301\apache-tomcat-9.0.34\conf\Catalina\localhost\MTB.xml]
18-Oct-2021 01:56:13.954 WARNING [http-nio-8080-exec-7] org.apache.catalina.startup.HostConfig.deployDescriptor The path attribute with value [/MTB] in deployment descriptor [E:\My Study\FPT\Summer 2021\PRJ301\apache-tomcat-9.0.34\conf\Catalina\localhost\MTB.xml] has been ignored
18-Oct-2021 01:56:14.741 INFO [http-nio-8080-exec-7] org.apache.jasper.servlet.TldScanner.scanJars At least one JAR was scanned for TLDs yet contained no TLDs. Enable debug logging for this logger for a complete list of JARs that were scanned but no TLDs were found in them. Skipping unneeded JARs during scanning can improve startup time and JSP compilation time.
18-Oct-2021 01:56:14.826 INFO [http-nio-8080-exec-7] org.apache.catalina.startup.HostConfig.deployDescriptor Deployment of deployment descriptor [E:\My Study\FPT\Summer 2021\PRJ301\apache-tomcat-9.0.34\conf\Catalina\localhost\MTB.xml] has finished in [873] ms
18-Oct-2021 01:56:14.836 INFO [http-nio-8080-exec-9] org.apache.catalina.util.LifecycleBase.start The start() method was called on component [StandardEngine[Catalina].StandardHost[localhost].StandardContext[/MTB]] after start() had already been called. The second call will be ignored.
18-Oct-2021 02:00:13.534 INFO [http-nio-8080-exec-5] org.apache.catalina.core.StandardContext.reload Reloading Context with name [/MTB] has started
18-Oct-2021 02:00:14.416 INFO [http-nio-8080-exec-5] org.apache.jasper.servlet.TldScanner.scanJars At least one JAR was scanned for TLDs yet contained no TLDs. Enable debug logging for this logger for a complete list of JARs that were scanned but no TLDs were found in them. Skipping unneeded JARs during scanning can improve startup time and JSP compilation time.
18-Oct-2021 02:00:14.449 INFO [http-nio-8080-exec-5] org.apache.catalina.core.StandardContext.reload Reloading Context with name [/MTB] is completed
18-Oct-2021 02:01:07.943 INFO [http-nio-8080-exec-7] org.apache.catalina.core.StandardContext.reload Reloading Context with name [/MTB] has started
18-Oct-2021 02:01:08.809 INFO [http-nio-8080-exec-7] org.apache.jasper.servlet.TldScanner.scanJars At least one JAR was scanned for TLDs yet contained no TLDs. Enable debug logging for this logger for a complete list of JARs that were scanned but no TLDs were found in them. Skipping unneeded JARs during scanning can improve startup time and JSP compilation time.
18-Oct-2021 02:01:08.833 INFO [http-nio-8080-exec-7] org.apache.catalina.core.StandardContext.reload Reloading Context with name [/MTB] is completed
18-Oct-2021 02:01:24.699 INFO [http-nio-8080-exec-6] org.apache.catalina.core.StandardContext.reload Reloading Context with name [/MTB] has started
18-Oct-2021 02:01:25.032 INFO [http-nio-8080-exec-6] org.apache.jasper.servlet.TldScanner.scanJars At least one JAR was scanned for TLDs yet contained no TLDs. Enable debug logging for this logger for a complete list of JARs that were scanned but no TLDs were found in them. Skipping unneeded JARs during scanning can improve startup time and JSP compilation time.
18-Oct-2021 02:01:25.051 INFO [http-nio-8080-exec-6] org.apache.catalina.core.StandardContext.reload Reloading Context with name [/MTB] is completed
18-Oct-2021 02:01:33.925 INFO [http-nio-8080-exec-10] org.apache.catalina.core.StandardContext.reload Reloading Context with name [/MTB] has started
18-Oct-2021 02:01:34.455 INFO [http-nio-8080-exec-10] org.apache.jasper.servlet.TldScanner.scanJars At least one JAR was scanned for TLDs yet contained no TLDs. Enable debug logging for this logger for a complete list of JARs that were scanned but no TLDs were found in them. Skipping unneeded JARs during scanning can improve startup time and JSP compilation time.
18-Oct-2021 02:01:34.649 INFO [http-nio-8080-exec-10] org.apache.catalina.core.StandardContext.reload Reloading Context with name [/MTB] is completed
18-Oct-2021 02:01:35.404 INFO [http-nio-8080-exec-12] org.apache.catalina.core.StandardContext.reload Reloading Context with name [/MTB] has started
18-Oct-2021 02:01:35.686 INFO [http-nio-8080-exec-12] org.apache.jasper.servlet.TldScanner.scanJars At least one JAR was scanned for TLDs yet contained no TLDs. Enable debug logging for this logger for a complete list of JARs that were scanned but no TLDs were found in them. Skipping unneeded JARs during scanning can improve startup time and JSP compilation time.
18-Oct-2021 02:01:35.709 INFO [http-nio-8080-exec-12] org.apache.catalina.core.StandardContext.reload Reloading Context with name [/MTB] is completed
18-Oct-2021 02:01:35.785 INFO [http-nio-8080-exec-15] org.apache.catalina.core.StandardContext.reload Reloading Context with name [/MTB] has started
18-Oct-2021 02:01:36.026 INFO [http-nio-8080-exec-15] org.apache.jasper.servlet.TldScanner.scanJars At least one JAR was scanned for TLDs yet contained no TLDs. Enable debug logging for this logger for a complete list of JARs that were scanned but no TLDs were found in them. Skipping unneeded JARs during scanning can improve startup time and JSP compilation time.
18-Oct-2021 02:01:36.044 INFO [http-nio-8080-exec-15] org.apache.catalina.core.StandardContext.reload Reloading Context with name [/MTB] is completed
18-Oct-2021 02:09:52.678 INFO [http-nio-8080-exec-18] org.apache.catalina.core.StandardContext.reload Reloading Context with name [/MTB] has started
18-Oct-2021 02:09:53.053 INFO [http-nio-8080-exec-18] org.apache.jasper.servlet.TldScanner.scanJars At least one JAR was scanned for TLDs yet contained no TLDs. Enable debug logging for this logger for a complete list of JARs that were scanned but no TLDs were found in them. Skipping unneeded JARs during scanning can improve startup time and JSP compilation time.
18-Oct-2021 02:09:53.067 INFO [http-nio-8080-exec-18] org.apache.catalina.core.StandardContext.reload Reloading Context with name [/MTB] is completed
18-Oct-2021 02:09:53.119 INFO [http-nio-8080-exec-24] org.apache.catalina.core.StandardContext.reload Reloading Context with name [/MTB] has started
18-Oct-2021 02:09:53.319 INFO [http-nio-8080-exec-24] org.apache.jasper.servlet.TldScanner.scanJars At least one JAR was scanned for TLDs yet contained no TLDs. Enable debug logging for this logger for a complete list of JARs that were scanned but no TLDs were found in them. Skipping unneeded JARs during scanning can improve startup time and JSP compilation time.
18-Oct-2021 02:09:53.334 INFO [http-nio-8080-exec-24] org.apache.catalina.core.StandardContext.reload Reloading Context with name [/MTB] is completed
18-Oct-2021 02:10:46.015 INFO [http-nio-8080-exec-20] org.apache.catalina.core.StandardContext.reload Reloading Context with name [/sanpham] has started
18-Oct-2021 02:10:46.493 INFO [http-nio-8080-exec-20] org.apache.jasper.servlet.TldScanner.scanJars At least one JAR was scanned for TLDs yet contained no TLDs. Enable debug logging for this logger for a complete list of JARs that were scanned but no TLDs were found in them. Skipping unneeded JARs during scanning can improve startup time and JSP compilation time.
18-Oct-2021 02:10:46.508 INFO [http-nio-8080-exec-20] org.apache.catalina.core.StandardContext.reload Reloading Context with name [/sanpham] is completed
18-Oct-2021 02:10:46.585 INFO [http-nio-8080-exec-23] org.apache.catalina.core.StandardContext.reload Reloading Context with name [/sanpham] has started
18-Oct-2021 02:10:47.107 INFO [http-nio-8080-exec-23] org.apache.jasper.servlet.TldScanner.scanJars At least one JAR was scanned for TLDs yet contained no TLDs. Enable debug logging for this logger for a complete list of JARs that were scanned but no TLDs were found in them. Skipping unneeded JARs during scanning can improve startup time and JSP compilation time.
18-Oct-2021 02:10:47.129 INFO [http-nio-8080-exec-23] org.apache.catalina.core.StandardContext.reload Reloading Context with name [/sanpham] is completed
18-Oct-2021 02:11:42.929 INFO [http-nio-8080-exec-25] org.apache.catalina.core.StandardContext.reload Reloading Context with name [/MTB] has started
18-Oct-2021 02:11:43.305 INFO [http-nio-8080-exec-25] org.apache.jasper.servlet.TldScanner.scanJars At least one JAR was scanned for TLDs yet contained no TLDs. Enable debug logging for this logger for a complete list of JARs that were scanned but no TLDs were found in them. Skipping unneeded JARs during scanning can improve startup time and JSP compilation time.
18-Oct-2021 02:11:43.321 INFO [http-nio-8080-exec-25] org.apache.catalina.core.StandardContext.reload Reloading Context with name [/MTB] is completed
18-Oct-2021 02:12:13.866 INFO [http-nio-8080-exec-26] org.apache.catalina.core.StandardContext.reload Reloading Context with name [/MTB] has started
18-Oct-2021 02:12:14.253 INFO [http-nio-8080-exec-26] org.apache.jasper.servlet.TldScanner.scanJars At least one JAR was scanned for TLDs yet contained no TLDs. Enable debug logging for this logger for a complete list of JARs that were scanned but no TLDs were found in them. Skipping unneeded JARs during scanning can improve startup time and JSP compilation time.
18-Oct-2021 02:12:14.285 INFO [http-nio-8080-exec-26] org.apache.catalina.core.StandardContext.reload Reloading Context with name [/MTB] is completed
18-Oct-2021 02:12:14.382 INFO [http-nio-8080-exec-15] org.apache.catalina.core.StandardContext.reload Reloading Context with name [/MTB] has started
18-Oct-2021 02:12:14.583 INFO [http-nio-8080-exec-15] org.apache.jasper.servlet.TldScanner.scanJars At least one JAR was scanned for TLDs yet contained no TLDs. Enable debug logging for this logger for a complete list of JARs that were scanned but no TLDs were found in them. Skipping unneeded JARs during scanning can improve startup time and JSP compilation time.
18-Oct-2021 02:12:14.597 INFO [http-nio-8080-exec-15] org.apache.catalina.core.StandardContext.reload Reloading Context with name [/MTB] is completed
18-Oct-2021 02:12:26.227 INFO [http-nio-8080-exec-27] org.apache.catalina.core.StandardContext.reload Reloading Context with name [/MTB] has started
18-Oct-2021 02:12:26.400 INFO [http-nio-8080-exec-27] org.apache.jasper.servlet.TldScanner.scanJars At least one JAR was scanned for TLDs yet contained no TLDs. Enable debug logging for this logger for a complete list of JARs that were scanned but no TLDs were found in them. Skipping unneeded JARs during scanning can improve startup time and JSP compilation time.
18-Oct-2021 02:12:26.421 INFO [http-nio-8080-exec-27] org.apache.catalina.core.StandardContext.reload Reloading Context with name [/MTB] is completed
18-Oct-2021 02:12:34.778 INFO [http-nio-8080-exec-20] org.apache.catalina.core.StandardContext.reload Reloading Context with name [/MTB] has started
18-Oct-2021 02:12:34.934 INFO [http-nio-8080-exec-20] org.apache.jasper.servlet.TldScanner.scanJars At least one JAR was scanned for TLDs yet contained no TLDs. Enable debug logging for this logger for a complete list of JARs that were scanned but no TLDs were found in them. Skipping unneeded JARs during scanning can improve startup time and JSP compilation time.
18-Oct-2021 02:12:34.946 INFO [http-nio-8080-exec-20] org.apache.catalina.core.StandardContext.reload Reloading Context with name [/MTB] is completed
18-Oct-2021 02:12:44.848 INFO [http-nio-8080-exec-24] org.apache.catalina.core.StandardContext.reload Reloading Context with name [/MTB] has started
18-Oct-2021 02:12:45.154 INFO [http-nio-8080-exec-24] org.apache.jasper.servlet.TldScanner.scanJars At least one JAR was scanned for TLDs yet contained no TLDs. Enable debug logging for this logger for a complete list of JARs that were scanned but no TLDs were found in them. Skipping unneeded JARs during scanning can improve startup time and JSP compilation time.
18-Oct-2021 02:12:45.168 INFO [http-nio-8080-exec-24] org.apache.catalina.core.StandardContext.reload Reloading Context with name [/MTB] is completed
18-Oct-2021 02:13:06.405 INFO [http-nio-8080-exec-32] org.apache.catalina.core.StandardContext.reload Reloading Context with name [/MTB] has started
18-Oct-2021 02:13:06.549 INFO [http-nio-8080-exec-32] org.apache.jasper.servlet.TldScanner.scanJars At least one JAR was scanned for TLDs yet contained no TLDs. Enable debug logging for this logger for a complete list of JARs that were scanned but no TLDs were found in them. Skipping unneeded JARs during scanning can improve startup time and JSP compilation time.
18-Oct-2021 02:13:06.560 INFO [http-nio-8080-exec-32] org.apache.catalina.core.StandardContext.reload Reloading Context with name [/MTB] is completed
18-Oct-2021 02:13:09.799 INFO [http-nio-8080-exec-25] org.apache.catalina.core.StandardContext.reload Reloading Context with name [/MTB] has started
18-Oct-2021 02:13:09.981 INFO [http-nio-8080-exec-25] org.apache.jasper.servlet.TldScanner.scanJars At least one JAR was scanned for TLDs yet contained no TLDs. Enable debug logging for this logger for a complete list of JARs that were scanned but no TLDs were found in them. Skipping unneeded JARs during scanning can improve startup time and JSP compilation time.
18-Oct-2021 02:13:09.991 INFO [http-nio-8080-exec-25] org.apache.catalina.core.StandardContext.reload Reloading Context with name [/MTB] is completed
18-Oct-2021 02:14:58.816 INFO [http-nio-8080-exec-35] org.apache.catalina.core.StandardContext.reload Reloading Context with name [/MTB] has started
18-Oct-2021 02:14:58.818 WARNING [http-nio-8080-exec-35] org.apache.catalina.loader.WebappClassLoaderBase.clearReferencesJdbc The web application [MTB] registered the JDBC driver [com.microsoft.sqlserver.jdbc.SQLServerDriver] but failed to unregister it when the web application was stopped. To prevent a memory leak, the JDBC Driver has been forcibly unregistered.
18-Oct-2021 02:14:59.156 INFO [http-nio-8080-exec-35] org.apache.jasper.servlet.TldScanner.scanJars At least one JAR was scanned for TLDs yet contained no TLDs. Enable debug logging for this logger for a complete list of JARs that were scanned but no TLDs were found in them. Skipping unneeded JARs during scanning can improve startup time and JSP compilation time.
18-Oct-2021 02:14:59.169 INFO [http-nio-8080-exec-35] org.apache.catalina.core.StandardContext.reload Reloading Context with name [/MTB] is completed
18-Oct-2021 02:14:59.231 INFO [http-nio-8080-exec-42] org.apache.catalina.core.StandardContext.reload Reloading Context with name [/MTB] has started
18-Oct-2021 02:14:59.448 INFO [http-nio-8080-exec-42] org.apache.jasper.servlet.TldScanner.scanJars At least one JAR was scanned for TLDs yet contained no TLDs. Enable debug logging for this logger for a complete list of JARs that were scanned but no TLDs were found in them. Skipping unneeded JARs during scanning can improve startup time and JSP compilation time.
18-Oct-2021 02:14:59.462 INFO [http-nio-8080-exec-42] org.apache.catalina.core.StandardContext.reload Reloading Context with name [/MTB] is completed
18-Oct-2021 02:15:19.415 INFO [http-nio-8080-exec-39] org.apache.jasper.servlet.TldScanner.scanJars At least one JAR was scanned for TLDs yet contained no TLDs. Enable debug logging for this logger for a complete list of JARs that were scanned but no TLDs were found in them. Skipping unneeded JARs during scanning can improve startup time and JSP compilation time.
18-Oct-2021 02:15:20.872 INFO [http-nio-8080-exec-44] org.apache.catalina.core.StandardContext.reload Reloading Context with name [/MTB] has started
18-Oct-2021 02:15:21.054 INFO [http-nio-8080-exec-44] org.apache.jasper.servlet.TldScanner.scanJars At least one JAR was scanned for TLDs yet contained no TLDs. Enable debug logging for this logger for a complete list of JARs that were scanned but no TLDs were found in them. Skipping unneeded JARs during scanning can improve startup time and JSP compilation time.
18-Oct-2021 02:15:21.070 INFO [http-nio-8080-exec-44] org.apache.catalina.core.StandardContext.reload Reloading Context with name [/MTB] is completed
18-Oct-2021 02:15:26.589 INFO [http-nio-8080-exec-30] org.apache.catalina.core.StandardContext.reload Reloading Context with name [/MTB] has started
18-Oct-2021 02:15:26.749 INFO [http-nio-8080-exec-30] org.apache.jasper.servlet.TldScanner.scanJars At least one JAR was scanned for TLDs yet contained no TLDs. Enable debug logging for this logger for a complete list of JARs that were scanned but no TLDs were found in them. Skipping unneeded JARs during scanning can improve startup time and JSP compilation time.
18-Oct-2021 02:15:26.758 INFO [http-nio-8080-exec-30] org.apache.catalina.core.StandardContext.reload Reloading Context with name [/MTB] is completed
18-Oct-2021 02:15:29.347 INFO [Catalina-utility-1] org.apache.catalina.startup.HostConfig.reload Reloading context [/MTB]
18-Oct-2021 02:15:29.347 INFO [Catalina-utility-1] org.apache.catalina.core.StandardContext.reload Reloading Context with name [/MTB] has started
18-Oct-2021 02:15:29.619 INFO [Catalina-utility-1] org.apache.jasper.servlet.TldScanner.scanJars At least one JAR was scanned for TLDs yet contained no TLDs. Enable debug logging for this logger for a complete list of JARs that were scanned but no TLDs were found in them. Skipping unneeded JARs during scanning can improve startup time and JSP compilation time.
18-Oct-2021 02:15:29.629 INFO [Catalina-utility-1] org.apache.catalina.core.StandardContext.reload Reloading Context with name [/MTB] is completed
18-Oct-2021 02:15:56.419 INFO [http-nio-8080-exec-38] org.apache.catalina.core.StandardContext.reload Reloading Context with name [/MTB] has started
18-Oct-2021 02:15:56.572 INFO [http-nio-8080-exec-38] org.apache.jasper.servlet.TldScanner.scanJars At least one JAR was scanned for TLDs yet contained no TLDs. Enable debug logging for this logger for a complete list of JARs that were scanned but no TLDs were found in them. Skipping unneeded JARs during scanning can improve startup time and JSP compilation time.
18-Oct-2021 02:15:56.580 INFO [http-nio-8080-exec-38] org.apache.catalina.core.StandardContext.reload Reloading Context with name [/MTB] is completed
18-Oct-2021 02:15:59.678 INFO [http-nio-8080-exec-44] org.apache.jasper.servlet.TldScanner.scanJars At least one JAR was scanned for TLDs yet contained no TLDs. Enable debug logging for this logger for a complete list of JARs that were scanned but no TLDs were found in them. Skipping unneeded JARs during scanning can improve startup time and JSP compilation time.
18-Oct-2021 02:16:08.020 INFO [http-nio-8080-exec-38] org.apache.catalina.core.StandardContext.reload Reloading Context with name [/MTB] has started
18-Oct-2021 02:16:08.156 INFO [http-nio-8080-exec-38] org.apache.jasper.servlet.TldScanner.scanJars At least one JAR was scanned for TLDs yet contained no TLDs. Enable debug logging for this logger for a complete list of JARs that were scanned but no TLDs were found in them. Skipping unneeded JARs during scanning can improve startup time and JSP compilation time.
18-Oct-2021 02:16:08.165 INFO [http-nio-8080-exec-38] org.apache.catalina.core.StandardContext.reload Reloading Context with name [/MTB] is completed
18-Oct-2021 02:16:12.202 INFO [http-nio-8080-exec-37] org.apache.catalina.core.StandardContext.reload Reloading Context with name [/MTB] has started
18-Oct-2021 02:16:12.336 INFO [http-nio-8080-exec-37] org.apache.jasper.servlet.TldScanner.scanJars At least one JAR was scanned for TLDs yet contained no TLDs. Enable debug logging for this logger for a complete list of JARs that were scanned but no TLDs were found in them. Skipping unneeded JARs during scanning can improve startup time and JSP compilation time.
18-Oct-2021 02:16:12.345 INFO [http-nio-8080-exec-37] org.apache.catalina.core.StandardContext.reload Reloading Context with name [/MTB] is completed
18-Oct-2021 02:16:57.377 INFO [http-nio-8080-exec-50] org.apache.catalina.core.StandardContext.reload Reloading Context with name [/MTB] has started
18-Oct-2021 02:16:57.662 INFO [http-nio-8080-exec-50] org.apache.jasper.servlet.TldScanner.scanJars At least one JAR was scanned for TLDs yet contained no TLDs. Enable debug logging for this logger for a complete list of JARs that were scanned but no TLDs were found in them. Skipping unneeded JARs during scanning can improve startup time and JSP compilation time.
18-Oct-2021 02:16:57.678 INFO [http-nio-8080-exec-50] org.apache.catalina.core.StandardContext.reload Reloading Context with name [/MTB] is completed
18-Oct-2021 02:17:00.361 INFO [http-nio-8080-exec-52] org.apache.catalina.core.StandardContext.reload Reloading Context with name [/MTB] has started
18-Oct-2021 02:17:00.549 INFO [http-nio-8080-exec-52] org.apache.jasper.servlet.TldScanner.scanJars At least one JAR was scanned for TLDs yet contained no TLDs. Enable debug logging for this logger for a complete list of JARs that were scanned but no TLDs were found in them. Skipping unneeded JARs during scanning can improve startup time and JSP compilation time.
18-Oct-2021 02:17:00.561 INFO [http-nio-8080-exec-52] org.apache.catalina.core.StandardContext.reload Reloading Context with name [/MTB] is completed
18-Oct-2021 02:18:18.262 INFO [http-nio-8080-exec-57] org.apache.catalina.core.StandardContext.reload Reloading Context with name [/sanpham] has started
18-Oct-2021 02:18:18.591 INFO [http-nio-8080-exec-57] org.apache.jasper.servlet.TldScanner.scanJars At least one JAR was scanned for TLDs yet contained no TLDs. Enable debug logging for this logger for a complete list of JARs that were scanned but no TLDs were found in them. Skipping unneeded JARs during scanning can improve startup time and JSP compilation time.
18-Oct-2021 02:18:18.604 INFO [http-nio-8080-exec-57] org.apache.catalina.core.StandardContext.reload Reloading Context with name [/sanpham] is completed
18-Oct-2021 02:24:49.907 INFO [main] org.apache.catalina.core.StandardServer.await A valid shutdown command was received via the shutdown port. Stopping the Server instance.
18-Oct-2021 02:24:49.907 INFO [main] org.apache.coyote.AbstractProtocol.pause Pausing ProtocolHandler ["http-nio-8080"]
18-Oct-2021 02:24:50.008 INFO [main] org.apache.catalina.core.StandardService.stopInternal Stopping service [Catalina]
18-Oct-2021 02:24:50.271 WARNING [main] org.apache.catalina.loader.WebappClassLoaderBase.clearReferencesJdbc The web application [sanpham] registered the JDBC driver [com.microsoft.sqlserver.jdbc.SQLServerDriver] but failed to unregister it when the web application was stopped. To prevent a memory leak, the JDBC Driver has been forcibly unregistered.
18-Oct-2021 02:24:50.274 SEVERE [main] org.apache.catalina.loader.WebappClassLoaderBase.checkThreadLocalMapForLeaks The web application [sanpham] created a ThreadLocal with key of type [com.microsoft.sqlserver.jdbc.ActivityCorrelator$1] (value [com.microsoft.sqlserver.jdbc.ActivityCorrelator$1@431e86b1]) and a value of type [com.microsoft.sqlserver.jdbc.ActivityId] (value [7b47b1f1-3420-446a-9e74-45dab11ab54b-3]) but failed to remove it when the web application was stopped. Threads are going to be renewed over time to try and avoid a probable memory leak.
18-Oct-2021 02:24:50.274 SEVERE [main] org.apache.catalina.loader.WebappClassLoaderBase.checkThreadLocalMapForLeaks The web application [sanpham] created a ThreadLocal with key of type [com.microsoft.sqlserver.jdbc.ActivityCorrelator$1] (value [com.microsoft.sqlserver.jdbc.ActivityCorrelator$1@431e86b1]) and a value of type [com.microsoft.sqlserver.jdbc.ActivityId] (value [91cd6e75-06a7-4a3b-ac68-e3279b5f7abb-3]) but failed to remove it when the web application was stopped. Threads are going to be renewed over time to try and avoid a probable memory leak.
18-Oct-2021 02:24:50.285 INFO [main] org.apache.coyote.AbstractProtocol.stop Stopping ProtocolHandler ["http-nio-8080"]
18-Oct-2021 02:24:50.288 INFO [main] org.apache.coyote.AbstractProtocol.destroy Destroying ProtocolHandler ["http-nio-8080"]
18-Oct-2021 14:15:04.286 INFO [main] org.apache.catalina.startup.VersionLoggerListener.log Server version name:   Apache Tomcat/9.0.34
18-Oct-2021 14:15:04.292 INFO [main] org.apache.catalina.startup.VersionLoggerListener.log Server built:          Apr 3 2020 12:02:52 UTC
18-Oct-2021 14:15:04.292 INFO [main] org.apache.catalina.startup.VersionLoggerListener.log Server version number: 9.0.34.0
18-Oct-2021 14:15:04.292 INFO [main] org.apache.catalina.startup.VersionLoggerListener.log OS Name:               Windows 10
18-Oct-2021 14:15:04.292 INFO [main] org.apache.catalina.startup.VersionLoggerListener.log OS Version:            10.0
18-Oct-2021 14:15:04.292 INFO [main] org.apache.catalina.startup.VersionLoggerListener.log Architecture:          amd64
18-Oct-2021 14:15:04.292 INFO [main] org.apache.catalina.startup.VersionLoggerListener.log Java Home:             C:\Program Files\Java\jdk1.8.0_261\jre
18-Oct-2021 14:15:04.292 INFO [main] org.apache.catalina.startup.VersionLoggerListener.log JVM Version:           1.8.0_261-b12
18-Oct-2021 14:15:04.292 INFO [main] org.apache.catalina.startup.VersionLoggerListener.log JVM Vendor:            Oracle Corporation
18-Oct-2021 14:15:04.292 INFO [main] org.apache.catalina.startup.VersionLoggerListener.log CATALINA_BASE:         E:\My Study\FPT\Summer 2021\PRJ301\apache-tomcat-9.0.34
18-Oct-2021 14:15:04.293 INFO [main] org.apache.catalina.startup.VersionLoggerListener.log CATALINA_HOME:         E:\My Study\FPT\Summer 2021\PRJ301\apache-tomcat-9.0.34
18-Oct-2021 14:15:04.297 INFO [main] org.apache.catalina.startup.VersionLoggerListener.log Command line argument: -Djava.util.logging.config.file=E:\My Study\FPT\Summer 2021\PRJ301\apache-tomcat-9.0.34\conf\logging.properties
18-Oct-2021 14:15:04.297 INFO [main] org.apache.catalina.startup.VersionLoggerListener.log Command line argument: -Djava.util.logging.manager=org.apache.juli.ClassLoaderLogManager
18-Oct-2021 14:15:04.297 INFO [main] org.apache.catalina.startup.VersionLoggerListener.log Command line argument: -Dhttp.nonProxyHosts=localhost|127.0.0.1|LAPTOP-ART8FMS6
18-Oct-2021 14:15:04.297 INFO [main] org.apache.catalina.startup.VersionLoggerListener.log Command line argument: -Djdk.tls.ephemeralDHKeySize=2048
18-Oct-2021 14:15:04.297 INFO [main] org.apache.catalina.startup.VersionLoggerListener.log Command line argument: -Djava.protocol.handler.pkgs=org.apache.catalina.webresources
18-Oct-2021 14:15:04.297 INFO [main] org.apache.catalina.startup.VersionLoggerListener.log Command line argument: -Dignore.endorsed.dirs=
18-Oct-2021 14:15:04.297 INFO [main] org.apache.catalina.startup.VersionLoggerListener.log Command line argument: -Dcatalina.base=E:\My Study\FPT\Summer 2021\PRJ301\apache-tomcat-9.0.34
18-Oct-2021 14:15:04.297 INFO [main] org.apache.catalina.startup.VersionLoggerListener.log Command line argument: -Dcatalina.home=E:\My Study\FPT\Summer 2021\PRJ301\apache-tomcat-9.0.34
18-Oct-2021 14:15:04.298 INFO [main] org.apache.catalina.startup.VersionLoggerListener.log Command line argument: -Djava.io.tmpdir=E:\My Study\FPT\Summer 2021\PRJ301\apache-tomcat-9.0.34\temp
18-Oct-2021 14:15:04.298 INFO [main] org.apache.catalina.core.AprLifecycleListener.lifecycleEvent Loaded APR based Apache Tomcat Native library [1.2.23] using APR version [1.7.0].
18-Oct-2021 14:15:04.298 INFO [main] org.apache.catalina.core.AprLifecycleListener.lifecycleEvent APR capabilities: IPv6 [true], sendfile [true], accept filters [false], random [true].
18-Oct-2021 14:15:04.298 INFO [main] org.apache.catalina.core.AprLifecycleListener.lifecycleEvent APR/OpenSSL configuration: useAprConnector [false], useOpenSSL [true]
18-Oct-2021 14:15:04.323 INFO [main] org.apache.catalina.core.AprLifecycleListener.initializeSSL OpenSSL successfully initialized [OpenSSL 1.1.1c  28 May 2019]
18-Oct-2021 14:15:04.949 INFO [main] org.apache.coyote.AbstractProtocol.init Initializing ProtocolHandler ["http-nio-8080"]
18-Oct-2021 14:15:05.352 INFO [main] org.apache.catalina.startup.Catalina.load Server initialization in [1,484] milliseconds
18-Oct-2021 14:15:05.432 INFO [main] org.apache.catalina.core.StandardService.startInternal Starting service [Catalina]
18-Oct-2021 14:15:05.433 INFO [main] org.apache.catalina.core.StandardEngine.startInternal Starting Servlet engine: [Apache Tomcat/9.0.34]
18-Oct-2021 14:15:05.464 INFO [main] org.apache.catalina.startup.HostConfig.deployDescriptor Deploying deployment descriptor [E:\My Study\FPT\Summer 2021\PRJ301\apache-tomcat-9.0.34\conf\Catalina\localhost\Calculator.xml]
18-Oct-2021 14:15:05.524 WARNING [main] org.apache.catalina.startup.HostConfig.deployDescriptor The path attribute with value [/Calculator] in deployment descriptor [E:\My Study\FPT\Summer 2021\PRJ301\apache-tomcat-9.0.34\conf\Catalina\localhost\Calculator.xml] has been ignored
18-Oct-2021 14:15:06.068 INFO [main] org.apache.catalina.startup.HostConfig.deployDescriptor Deployment of deployment descriptor [E:\My Study\FPT\Summer 2021\PRJ301\apache-tomcat-9.0.34\conf\Catalina\localhost\Calculator.xml] has finished in [605] ms
18-Oct-2021 14:15:06.069 INFO [main] org.apache.catalina.startup.HostConfig.deployDescriptor Deploying deployment descriptor [E:\My Study\FPT\Summer 2021\PRJ301\apache-tomcat-9.0.34\conf\Catalina\localhost\CourseWeb.xml]
18-Oct-2021 14:15:06.072 WARNING [main] org.apache.catalina.startup.HostConfig.deployDescriptor The path attribute with value [/CourseWeb] in deployment descriptor [E:\My Study\FPT\Summer 2021\PRJ301\apache-tomcat-9.0.34\conf\Catalina\localhost\CourseWeb.xml] has been ignored
18-Oct-2021 14:15:06.983 INFO [main] org.apache.jasper.servlet.TldScanner.scanJars At least one JAR was scanned for TLDs yet contained no TLDs. Enable debug logging for this logger for a complete list of JARs that were scanned but no TLDs were found in them. Skipping unneeded JARs during scanning can improve startup time and JSP compilation time.
18-Oct-2021 14:15:07.031 INFO [main] org.apache.catalina.startup.HostConfig.deployDescriptor Deployment of deployment descriptor [E:\My Study\FPT\Summer 2021\PRJ301\apache-tomcat-9.0.34\conf\Catalina\localhost\CourseWeb.xml] has finished in [963] ms
18-Oct-2021 14:15:07.032 INFO [main] org.apache.catalina.startup.HostConfig.deployDescriptor Deploying deployment descriptor [E:\My Study\FPT\Summer 2021\PRJ301\apache-tomcat-9.0.34\conf\Catalina\localhost\Day3_Lab.xml]
18-Oct-2021 14:15:07.036 WARNING [main] org.apache.catalina.startup.HostConfig.deployDescriptor The path attribute with value [/Day3_Lab] in deployment descriptor [E:\My Study\FPT\Summer 2021\PRJ301\apache-tomcat-9.0.34\conf\Catalina\localhost\Day3_Lab.xml] has been ignored
18-Oct-2021 14:15:07.159 INFO [main] org.apache.catalina.startup.HostConfig.deployDescriptor Deployment of deployment descriptor [E:\My Study\FPT\Summer 2021\PRJ301\apache-tomcat-9.0.34\conf\Catalina\localhost\Day3_Lab.xml] has finished in [127] ms
18-Oct-2021 14:15:07.160 INFO [main] org.apache.catalina.startup.HostConfig.deployDescriptor Deploying deployment descriptor [E:\My Study\FPT\Summer 2021\PRJ301\apache-tomcat-9.0.34\conf\Catalina\localhost\loginWebProject.xml]
18-Oct-2021 14:15:07.163 WARNING [main] org.apache.catalina.startup.HostConfig.deployDescriptor The path attribute with value [/loginWebProject] in deployment descriptor [E:\My Study\FPT\Summer 2021\PRJ301\apache-tomcat-9.0.34\conf\Catalina\localhost\loginWebProject.xml] has been ignored
18-Oct-2021 14:15:07.602 INFO [main] org.apache.jasper.servlet.TldScanner.scanJars At least one JAR was scanned for TLDs yet contained no TLDs. Enable debug logging for this logger for a complete list of JARs that were scanned but no TLDs were found in them. Skipping unneeded JARs during scanning can improve startup time and JSP compilation time.
18-Oct-2021 14:15:07.610 INFO [main] org.apache.catalina.startup.HostConfig.deployDescriptor Deployment of deployment descriptor [E:\My Study\FPT\Summer 2021\PRJ301\apache-tomcat-9.0.34\conf\Catalina\localhost\loginWebProject.xml] has finished in [451] ms
18-Oct-2021 14:15:07.611 INFO [main] org.apache.catalina.startup.HostConfig.deployDescriptor Deploying deployment descriptor [E:\My Study\FPT\Summer 2021\PRJ301\apache-tomcat-9.0.34\conf\Catalina\localhost\MTB.xml]
18-Oct-2021 14:15:07.614 WARNING [main] org.apache.catalina.startup.HostConfig.deployDescriptor The path attribute with value [/MTB] in deployment descriptor [E:\My Study\FPT\Summer 2021\PRJ301\apache-tomcat-9.0.34\conf\Catalina\localhost\MTB.xml] has been ignored
18-Oct-2021 14:15:08.554 INFO [main] org.apache.jasper.servlet.TldScanner.scanJars At least one JAR was scanned for TLDs yet contained no TLDs. Enable debug logging for this logger for a complete list of JARs that were scanned but no TLDs were found in them. Skipping unneeded JARs during scanning can improve startup time and JSP compilation time.
18-Oct-2021 14:15:08.594 INFO [main] org.apache.catalina.startup.HostConfig.deployDescriptor Deployment of deployment descriptor [E:\My Study\FPT\Summer 2021\PRJ301\apache-tomcat-9.0.34\conf\Catalina\localhost\MTB.xml] has finished in [983] ms
18-Oct-2021 14:15:08.594 INFO [main] org.apache.catalina.startup.HostConfig.deployDescriptor Deploying deployment descriptor [E:\My Study\FPT\Summer 2021\PRJ301\apache-tomcat-9.0.34\conf\Catalina\localhost\MVC.xml]
18-Oct-2021 14:15:08.599 WARNING [main] org.apache.catalina.startup.HostConfig.deployDescriptor The path attribute with value [/MVC] in deployment descriptor [E:\My Study\FPT\Summer 2021\PRJ301\apache-tomcat-9.0.34\conf\Catalina\localhost\MVC.xml] has been ignored
18-Oct-2021 14:15:08.620 SEVERE [main] org.apache.catalina.startup.HostConfig.deployDescriptor Error deploying deployment descriptor [E:\My Study\FPT\Summer 2021\PRJ301\apache-tomcat-9.0.34\conf\Catalina\localhost\MVC.xml]
	java.lang.IllegalStateException: Error starting child
		at org.apache.catalina.core.ContainerBase.addChildInternal(ContainerBase.java:720)
		at org.apache.catalina.core.ContainerBase.addChild(ContainerBase.java:690)
		at org.apache.catalina.core.StandardHost.addChild(StandardHost.java:705)
		at org.apache.catalina.startup.HostConfig.deployDescriptor(HostConfig.java:631)
		at org.apache.catalina.startup.HostConfig$DeployDescriptor.run(HostConfig.java:1831)
		at java.util.concurrent.Executors$RunnableAdapter.call(Executors.java:511)
		at java.util.concurrent.FutureTask.run(FutureTask.java:266)
		at org.apache.tomcat.util.threads.InlineExecutorService.execute(InlineExecutorService.java:75)
		at java.util.concurrent.AbstractExecutorService.submit(AbstractExecutorService.java:112)
		at org.apache.catalina.startup.HostConfig.deployDescriptors(HostConfig.java:526)
		at org.apache.catalina.startup.HostConfig.deployApps(HostConfig.java:425)
		at org.apache.catalina.startup.HostConfig.start(HostConfig.java:1576)
		at org.apache.catalina.startup.HostConfig.lifecycleEvent(HostConfig.java:309)
		at org.apache.catalina.util.LifecycleBase.fireLifecycleEvent(LifecycleBase.java:123)
		at org.apache.catalina.util.LifecycleBase.setStateInternal(LifecycleBase.java:423)
		at org.apache.catalina.util.LifecycleBase.setState(LifecycleBase.java:366)
		at org.apache.catalina.core.ContainerBase.startInternal(ContainerBase.java:936)
		at org.apache.catalina.core.StandardHost.startInternal(StandardHost.java:841)
		at org.apache.catalina.util.LifecycleBase.start(LifecycleBase.java:183)
		at org.apache.catalina.core.ContainerBase$StartChild.call(ContainerBase.java:1384)
		at org.apache.catalina.core.ContainerBase$StartChild.call(ContainerBase.java:1374)
		at java.util.concurrent.FutureTask.run(FutureTask.java:266)
		at org.apache.tomcat.util.threads.InlineExecutorService.execute(InlineExecutorService.java:75)
		at java.util.concurrent.AbstractExecutorService.submit(AbstractExecutorService.java:134)
		at org.apache.catalina.core.ContainerBase.startInternal(ContainerBase.java:909)
		at org.apache.catalina.core.StandardEngine.startInternal(StandardEngine.java:262)
		at org.apache.catalina.util.LifecycleBase.start(LifecycleBase.java:183)
		at org.apache.catalina.core.StandardService.startInternal(StandardService.java:421)
		at org.apache.catalina.util.LifecycleBase.start(LifecycleBase.java:183)
		at org.apache.catalina.core.StandardServer.startInternal(StandardServer.java:930)
		at org.apache.catalina.util.LifecycleBase.start(LifecycleBase.java:183)
		at org.apache.catalina.startup.Catalina.start(Catalina.java:633)
		at sun.reflect.NativeMethodAccessorImpl.invoke0(Native Method)
		at sun.reflect.NativeMethodAccessorImpl.invoke(NativeMethodAccessorImpl.java:62)
		at sun.reflect.DelegatingMethodAccessorImpl.invoke(DelegatingMethodAccessorImpl.java:43)
		at java.lang.reflect.Method.invoke(Method.java:498)
		at org.apache.catalina.startup.Bootstrap.start(Bootstrap.java:343)
		at org.apache.catalina.startup.Bootstrap.main(Bootstrap.java:474)
	Caused by: org.apache.catalina.LifecycleException: Failed to start component [org.apache.catalina.webresources.StandardRoot@61078690]
		at org.apache.catalina.util.LifecycleBase.handleSubClassException(LifecycleBase.java:440)
		at org.apache.catalina.util.LifecycleBase.start(LifecycleBase.java:198)
		at org.apache.catalina.core.StandardContext.resourcesStart(StandardContext.java:4805)
		at org.apache.catalina.core.StandardContext.startInternal(StandardContext.java:4940)
		at org.apache.catalina.util.LifecycleBase.start(LifecycleBase.java:183)
		at org.apache.catalina.core.ContainerBase.addChildInternal(ContainerBase.java:717)
		... 37 more
	Caused by: java.lang.IllegalArgumentException: The main resource set specified [E:\My Study\FPT\Summer 2021\PRJ301\MVC\build\web] is not valid
		at org.apache.catalina.webresources.StandardRoot.createMainResourceSet(StandardRoot.java:752)
		at org.apache.catalina.webresources.StandardRoot.startInternal(StandardRoot.java:709)
		at org.apache.catalina.util.LifecycleBase.start(LifecycleBase.java:183)
		... 41 more
18-Oct-2021 14:15:08.656 INFO [main] org.apache.catalina.startup.HostConfig.deployDescriptor Deployment of deployment descriptor [E:\My Study\FPT\Summer 2021\PRJ301\apache-tomcat-9.0.34\conf\Catalina\localhost\MVC.xml] has finished in [62] ms
18-Oct-2021 14:15:08.657 INFO [main] org.apache.catalina.startup.HostConfig.deployDescriptor Deploying deployment descriptor [E:\My Study\FPT\Summer 2021\PRJ301\apache-tomcat-9.0.34\conf\Catalina\localhost\PE_DE150256_SE1502.xml]
18-Oct-2021 14:15:08.661 WARNING [main] org.apache.catalina.startup.HostConfig.deployDescriptor The path attribute with value [/PE_DE150256_SE1502] in deployment descriptor [E:\My Study\FPT\Summer 2021\PRJ301\apache-tomcat-9.0.34\conf\Catalina\localhost\PE_DE150256_SE1502.xml] has been ignored
18-Oct-2021 14:15:09.792 INFO [main] org.apache.jasper.servlet.TldScanner.scanJars At least one JAR was scanned for TLDs yet contained no TLDs. Enable debug logging for this logger for a complete list of JARs that were scanned but no TLDs were found in them. Skipping unneeded JARs during scanning can improve startup time and JSP compilation time.
18-Oct-2021 14:15:09.827 INFO [main] org.apache.catalina.startup.HostConfig.deployDescriptor Deployment of deployment descriptor [E:\My Study\FPT\Summer 2021\PRJ301\apache-tomcat-9.0.34\conf\Catalina\localhost\PE_DE150256_SE1502.xml] has finished in [1,169] ms
18-Oct-2021 14:15:09.827 INFO [main] org.apache.catalina.startup.HostConfig.deployDescriptor Deploying deployment descriptor [E:\My Study\FPT\Summer 2021\PRJ301\apache-tomcat-9.0.34\conf\Catalina\localhost\PRJ301_Workshop1.xml]
18-Oct-2021 14:15:09.830 WARNING [main] org.apache.catalina.startup.HostConfig.deployDescriptor The path attribute with value [/PRJ301_Workshop1] in deployment descriptor [E:\My Study\FPT\Summer 2021\PRJ301\apache-tomcat-9.0.34\conf\Catalina\localhost\PRJ301_Workshop1.xml] has been ignored
18-Oct-2021 14:15:10.350 INFO [main] org.apache.jasper.servlet.TldScanner.scanJars At least one JAR was scanned for TLDs yet contained no TLDs. Enable debug logging for this logger for a complete list of JARs that were scanned but no TLDs were found in them. Skipping unneeded JARs during scanning can improve startup time and JSP compilation time.
18-Oct-2021 14:15:10.404 INFO [main] org.apache.catalina.startup.HostConfig.deployDescriptor Deployment of deployment descriptor [E:\My Study\FPT\Summer 2021\PRJ301\apache-tomcat-9.0.34\conf\Catalina\localhost\PRJ301_Workshop1.xml] has finished in [577] ms
18-Oct-2021 14:15:10.405 INFO [main] org.apache.catalina.startup.HostConfig.deployDescriptor Deploying deployment descriptor [E:\My Study\FPT\Summer 2021\PRJ301\apache-tomcat-9.0.34\conf\Catalina\localhost\ProjectDay3_EL.xml]
18-Oct-2021 14:15:10.409 WARNING [main] org.apache.catalina.startup.HostConfig.deployDescriptor The path attribute with value [/ProjectDay3_EL] in deployment descriptor [E:\My Study\FPT\Summer 2021\PRJ301\apache-tomcat-9.0.34\conf\Catalina\localhost\ProjectDay3_EL.xml] has been ignored
18-Oct-2021 14:15:10.865 INFO [main] org.apache.jasper.servlet.TldScanner.scanJars At least one JAR was scanned for TLDs yet contained no TLDs. Enable debug logging for this logger for a complete list of JARs that were scanned but no TLDs were found in them. Skipping unneeded JARs during scanning can improve startup time and JSP compilation time.
18-Oct-2021 14:15:10.906 INFO [main] org.apache.catalina.startup.HostConfig.deployDescriptor Deployment of deployment descriptor [E:\My Study\FPT\Summer 2021\PRJ301\apache-tomcat-9.0.34\conf\Catalina\localhost\ProjectDay3_EL.xml] has finished in [501] ms
18-Oct-2021 14:15:10.907 INFO [main] org.apache.catalina.startup.HostConfig.deployDescriptor Deploying deployment descriptor [E:\My Study\FPT\Summer 2021\PRJ301\apache-tomcat-9.0.34\conf\Catalina\localhost\sanpham.xml]
18-Oct-2021 14:15:10.910 WARNING [main] org.apache.catalina.startup.HostConfig.deployDescriptor The path attribute with value [/sanpham] in deployment descriptor [E:\My Study\FPT\Summer 2021\PRJ301\apache-tomcat-9.0.34\conf\Catalina\localhost\sanpham.xml] has been ignored
18-Oct-2021 14:15:11.718 INFO [main] org.apache.jasper.servlet.TldScanner.scanJars At least one JAR was scanned for TLDs yet contained no TLDs. Enable debug logging for this logger for a complete list of JARs that were scanned but no TLDs were found in them. Skipping unneeded JARs during scanning can improve startup time and JSP compilation time.
18-Oct-2021 14:15:11.794 INFO [main] org.apache.catalina.startup.HostConfig.deployDescriptor Deployment of deployment descriptor [E:\My Study\FPT\Summer 2021\PRJ301\apache-tomcat-9.0.34\conf\Catalina\localhost\sanpham.xml] has finished in [887] ms
18-Oct-2021 14:15:11.795 INFO [main] org.apache.catalina.startup.HostConfig.deployDescriptor Deploying deployment descriptor [E:\My Study\FPT\Summer 2021\PRJ301\apache-tomcat-9.0.34\conf\Catalina\localhost\SE1502_JSP.xml]
18-Oct-2021 14:15:11.799 WARNING [main] org.apache.catalina.startup.HostConfig.deployDescriptor The path attribute with value [/SE1502_JSP] in deployment descriptor [E:\My Study\FPT\Summer 2021\PRJ301\apache-tomcat-9.0.34\conf\Catalina\localhost\SE1502_JSP.xml] has been ignored
18-Oct-2021 14:15:11.878 INFO [main] org.apache.catalina.startup.HostConfig.deployDescriptor Deployment of deployment descriptor [E:\My Study\FPT\Summer 2021\PRJ301\apache-tomcat-9.0.34\conf\Catalina\localhost\SE1502_JSP.xml] has finished in [83] ms
18-Oct-2021 14:15:11.879 INFO [main] org.apache.catalina.startup.HostConfig.deployDescriptor Deploying deployment descriptor [E:\My Study\FPT\Summer 2021\PRJ301\apache-tomcat-9.0.34\conf\Catalina\localhost\SE1502_TestDB_Lab4.xml]
18-Oct-2021 14:15:11.882 WARNING [main] org.apache.catalina.startup.HostConfig.deployDescriptor The path attribute with value [/SE1502_TestDB_Lab4] in deployment descriptor [E:\My Study\FPT\Summer 2021\PRJ301\apache-tomcat-9.0.34\conf\Catalina\localhost\SE1502_TestDB_Lab4.xml] has been ignored
18-Oct-2021 14:15:12.709 INFO [main] org.apache.jasper.servlet.TldScanner.scanJars At least one JAR was scanned for TLDs yet contained no TLDs. Enable debug logging for this logger for a complete list of JARs that were scanned but no TLDs were found in them. Skipping unneeded JARs during scanning can improve startup time and JSP compilation time.
18-Oct-2021 14:15:12.745 INFO [main] org.apache.catalina.startup.HostConfig.deployDescriptor Deployment of deployment descriptor [E:\My Study\FPT\Summer 2021\PRJ301\apache-tomcat-9.0.34\conf\Catalina\localhost\SE1502_TestDB_Lab4.xml] has finished in [867] ms
18-Oct-2021 14:15:12.746 INFO [main] org.apache.catalina.startup.HostConfig.deployDescriptor Deploying deployment descriptor [E:\My Study\FPT\Summer 2021\PRJ301\apache-tomcat-9.0.34\conf\Catalina\localhost\workshop2_Se1502.xml]
18-Oct-2021 14:15:12.749 WARNING [main] org.apache.catalina.startup.HostConfig.deployDescriptor The path attribute with value [/workshop2_Se1502] in deployment descriptor [E:\My Study\FPT\Summer 2021\PRJ301\apache-tomcat-9.0.34\conf\Catalina\localhost\workshop2_Se1502.xml] has been ignored
18-Oct-2021 14:15:12.765 SEVERE [main] org.apache.catalina.startup.HostConfig.deployDescriptor Error deploying deployment descriptor [E:\My Study\FPT\Summer 2021\PRJ301\apache-tomcat-9.0.34\conf\Catalina\localhost\workshop2_Se1502.xml]
	java.lang.IllegalStateException: Error starting child
		at org.apache.catalina.core.ContainerBase.addChildInternal(ContainerBase.java:720)
		at org.apache.catalina.core.ContainerBase.addChild(ContainerBase.java:690)
		at org.apache.catalina.core.StandardHost.addChild(StandardHost.java:705)
		at org.apache.catalina.startup.HostConfig.deployDescriptor(HostConfig.java:631)
		at org.apache.catalina.startup.HostConfig$DeployDescriptor.run(HostConfig.java:1831)
		at java.util.concurrent.Executors$RunnableAdapter.call(Executors.java:511)
		at java.util.concurrent.FutureTask.run(FutureTask.java:266)
		at org.apache.tomcat.util.threads.InlineExecutorService.execute(InlineExecutorService.java:75)
		at java.util.concurrent.AbstractExecutorService.submit(AbstractExecutorService.java:112)
		at org.apache.catalina.startup.HostConfig.deployDescriptors(HostConfig.java:526)
		at org.apache.catalina.startup.HostConfig.deployApps(HostConfig.java:425)
		at org.apache.catalina.startup.HostConfig.start(HostConfig.java:1576)
		at org.apache.catalina.startup.HostConfig.lifecycleEvent(HostConfig.java:309)
		at org.apache.catalina.util.LifecycleBase.fireLifecycleEvent(LifecycleBase.java:123)
		at org.apache.catalina.util.LifecycleBase.setStateInternal(LifecycleBase.java:423)
		at org.apache.catalina.util.LifecycleBase.setState(LifecycleBase.java:366)
		at org.apache.catalina.core.ContainerBase.startInternal(ContainerBase.java:936)
		at org.apache.catalina.core.StandardHost.startInternal(StandardHost.java:841)
		at org.apache.catalina.util.LifecycleBase.start(LifecycleBase.java:183)
		at org.apache.catalina.core.ContainerBase$StartChild.call(ContainerBase.java:1384)
		at org.apache.catalina.core.ContainerBase$StartChild.call(ContainerBase.java:1374)
		at java.util.concurrent.FutureTask.run(FutureTask.java:266)
		at org.apache.tomcat.util.threads.InlineExecutorService.execute(InlineExecutorService.java:75)
		at java.util.concurrent.AbstractExecutorService.submit(AbstractExecutorService.java:134)
		at org.apache.catalina.core.ContainerBase.startInternal(ContainerBase.java:909)
		at org.apache.catalina.core.StandardEngine.startInternal(StandardEngine.java:262)
		at org.apache.catalina.util.LifecycleBase.start(LifecycleBase.java:183)
		at org.apache.catalina.core.StandardService.startInternal(StandardService.java:421)
		at org.apache.catalina.util.LifecycleBase.start(LifecycleBase.java:183)
		at org.apache.catalina.core.StandardServer.startInternal(StandardServer.java:930)
		at org.apache.catalina.util.LifecycleBase.start(LifecycleBase.java:183)
		at org.apache.catalina.startup.Catalina.start(Catalina.java:633)
		at sun.reflect.NativeMethodAccessorImpl.invoke0(Native Method)
		at sun.reflect.NativeMethodAccessorImpl.invoke(NativeMethodAccessorImpl.java:62)
		at sun.reflect.DelegatingMethodAccessorImpl.invoke(DelegatingMethodAccessorImpl.java:43)
		at java.lang.reflect.Method.invoke(Method.java:498)
		at org.apache.catalina.startup.Bootstrap.start(Bootstrap.java:343)
		at org.apache.catalina.startup.Bootstrap.main(Bootstrap.java:474)
	Caused by: org.apache.catalina.LifecycleException: Failed to start component [org.apache.catalina.webresources.StandardRoot@62f11ebb]
		at org.apache.catalina.util.LifecycleBase.handleSubClassException(LifecycleBase.java:440)
		at org.apache.catalina.util.LifecycleBase.start(LifecycleBase.java:198)
		at org.apache.catalina.core.StandardContext.resourcesStart(StandardContext.java:4805)
		at org.apache.catalina.core.StandardContext.startInternal(StandardContext.java:4940)
		at org.apache.catalina.util.LifecycleBase.start(LifecycleBase.java:183)
		at org.apache.catalina.core.ContainerBase.addChildInternal(ContainerBase.java:717)
		... 37 more
	Caused by: java.lang.IllegalArgumentException: The main resource set specified [C:\Users\Hi\Desktop\workshop2_Se1502_TranNguyenPhungTri_DE150048\workshop2_Se1502\build\web] is not valid
		at org.apache.catalina.webresources.StandardRoot.createMainResourceSet(StandardRoot.java:752)
		at org.apache.catalina.webresources.StandardRoot.startInternal(StandardRoot.java:709)
		at org.apache.catalina.util.LifecycleBase.start(LifecycleBase.java:183)
		... 41 more
18-Oct-2021 14:15:12.801 INFO [main] org.apache.catalina.startup.HostConfig.deployDescriptor Deployment of deployment descriptor [E:\My Study\FPT\Summer 2021\PRJ301\apache-tomcat-9.0.34\conf\Catalina\localhost\workshop2_Se1502.xml] has finished in [54] ms
18-Oct-2021 14:15:12.802 INFO [main] org.apache.catalina.startup.HostConfig.deployDirectory Deploying web application directory [E:\My Study\FPT\Summer 2021\PRJ301\apache-tomcat-9.0.34\webapps\docs]
18-Oct-2021 14:15:12.888 INFO [main] org.apache.catalina.startup.HostConfig.deployDirectory Deployment of web application directory [E:\My Study\FPT\Summer 2021\PRJ301\apache-tomcat-9.0.34\webapps\docs] has finished in [85] ms
18-Oct-2021 14:15:12.888 INFO [main] org.apache.catalina.startup.HostConfig.deployDirectory Deploying web application directory [E:\My Study\FPT\Summer 2021\PRJ301\apache-tomcat-9.0.34\webapps\examples]
18-Oct-2021 14:15:14.215 INFO [main] org.apache.catalina.startup.HostConfig.deployDirectory Deployment of web application directory [E:\My Study\FPT\Summer 2021\PRJ301\apache-tomcat-9.0.34\webapps\examples] has finished in [1,327] ms
18-Oct-2021 14:15:14.216 INFO [main] org.apache.catalina.startup.HostConfig.deployDirectory Deploying web application directory [E:\My Study\FPT\Summer 2021\PRJ301\apache-tomcat-9.0.34\webapps\host-manager]
18-Oct-2021 14:15:14.359 INFO [main] org.apache.catalina.startup.HostConfig.deployDirectory Deployment of web application directory [E:\My Study\FPT\Summer 2021\PRJ301\apache-tomcat-9.0.34\webapps\host-manager] has finished in [143] ms
18-Oct-2021 14:15:14.360 INFO [main] org.apache.catalina.startup.HostConfig.deployDirectory Deploying web application directory [E:\My Study\FPT\Summer 2021\PRJ301\apache-tomcat-9.0.34\webapps\manager]
18-Oct-2021 14:15:14.444 INFO [main] org.apache.catalina.startup.HostConfig.deployDirectory Deployment of web application directory [E:\My Study\FPT\Summer 2021\PRJ301\apache-tomcat-9.0.34\webapps\manager] has finished in [84] ms
18-Oct-2021 14:15:14.445 INFO [main] org.apache.catalina.startup.HostConfig.deployDirectory Deploying web application directory [E:\My Study\FPT\Summer 2021\PRJ301\apache-tomcat-9.0.34\webapps\ROOT]
18-Oct-2021 14:15:14.507 INFO [main] org.apache.catalina.startup.HostConfig.deployDirectory Deployment of web application directory [E:\My Study\FPT\Summer 2021\PRJ301\apache-tomcat-9.0.34\webapps\ROOT] has finished in [62] ms
18-Oct-2021 14:15:14.527 INFO [main] org.apache.coyote.AbstractProtocol.start Starting ProtocolHandler ["http-nio-8080"]
18-Oct-2021 14:15:14.551 INFO [main] org.apache.catalina.startup.Catalina.start Server startup in [9,198] milliseconds
18-Oct-2021 14:15:17.627 INFO [http-nio-8080-exec-2] org.apache.catalina.core.StandardContext.reload Reloading Context with name [/MTB] has started
18-Oct-2021 14:15:18.249 INFO [http-nio-8080-exec-2] org.apache.jasper.servlet.TldScanner.scanJars At least one JAR was scanned for TLDs yet contained no TLDs. Enable debug logging for this logger for a complete list of JARs that were scanned but no TLDs were found in them. Skipping unneeded JARs during scanning can improve startup time and JSP compilation time.
18-Oct-2021 14:15:18.277 INFO [http-nio-8080-exec-2] org.apache.catalina.core.StandardContext.reload Reloading Context with name [/MTB] is completed
18-Oct-2021 14:17:23.337 INFO [http-nio-8080-exec-16] org.apache.catalina.core.StandardContext.reload Reloading Context with name [/MTB] has started
18-Oct-2021 14:17:23.343 WARNING [http-nio-8080-exec-16] org.apache.catalina.loader.WebappClassLoaderBase.clearReferencesJdbc The web application [MTB] registered the JDBC driver [com.microsoft.sqlserver.jdbc.SQLServerDriver] but failed to unregister it when the web application was stopped. To prevent a memory leak, the JDBC Driver has been forcibly unregistered.
18-Oct-2021 14:17:23.345 SEVERE [http-nio-8080-exec-16] org.apache.catalina.loader.WebappClassLoaderBase.checkThreadLocalMapForLeaks The web application [MTB] created a ThreadLocal with key of type [com.microsoft.sqlserver.jdbc.ActivityCorrelator$1] (value [com.microsoft.sqlserver.jdbc.ActivityCorrelator$1@7d0c26fc]) and a value of type [com.microsoft.sqlserver.jdbc.ActivityId] (value [a61b8246-47ef-404e-8bf8-81ec1f728e44-2]) but failed to remove it when the web application was stopped. Threads are going to be renewed over time to try and avoid a probable memory leak.
18-Oct-2021 14:17:23.887 INFO [http-nio-8080-exec-16] org.apache.jasper.servlet.TldScanner.scanJars At least one JAR was scanned for TLDs yet contained no TLDs. Enable debug logging for this logger for a complete list of JARs that were scanned but no TLDs were found in them. Skipping unneeded JARs during scanning can improve startup time and JSP compilation time.
18-Oct-2021 14:17:23.921 INFO [http-nio-8080-exec-16] org.apache.catalina.core.StandardContext.reload Reloading Context with name [/MTB] is completed
18-Oct-2021 14:17:47.945 INFO [http-nio-8080-exec-11] org.apache.catalina.core.StandardContext.reload Reloading Context with name [/MTB] has started
18-Oct-2021 14:17:47.951 WARNING [http-nio-8080-exec-11] org.apache.catalina.loader.WebappClassLoaderBase.clearReferencesJdbc The web application [MTB] registered the JDBC driver [com.microsoft.sqlserver.jdbc.SQLServerDriver] but failed to unregister it when the web application was stopped. To prevent a memory leak, the JDBC Driver has been forcibly unregistered.
18-Oct-2021 14:17:48.513 INFO [http-nio-8080-exec-11] org.apache.jasper.servlet.TldScanner.scanJars At least one JAR was scanned for TLDs yet contained no TLDs. Enable debug logging for this logger for a complete list of JARs that were scanned but no TLDs were found in them. Skipping unneeded JARs during scanning can improve startup time and JSP compilation time.
18-Oct-2021 14:17:48.545 INFO [http-nio-8080-exec-11] org.apache.catalina.core.StandardContext.reload Reloading Context with name [/MTB] is completed
18-Oct-2021 14:18:01.035 INFO [http-nio-8080-exec-21] org.apache.catalina.core.StandardContext.reload Reloading Context with name [/MTB] has started
18-Oct-2021 14:18:01.327 INFO [http-nio-8080-exec-21] org.apache.jasper.servlet.TldScanner.scanJars At least one JAR was scanned for TLDs yet contained no TLDs. Enable debug logging for this logger for a complete list of JARs that were scanned but no TLDs were found in them. Skipping unneeded JARs during scanning can improve startup time and JSP compilation time.
18-Oct-2021 14:18:01.350 INFO [http-nio-8080-exec-21] org.apache.catalina.core.StandardContext.reload Reloading Context with name [/MTB] is completed
18-Oct-2021 14:37:12.370 INFO [http-nio-8080-exec-29] org.apache.catalina.core.StandardContext.reload Reloading Context with name [/MTB] has started
18-Oct-2021 14:37:12.383 WARNING [http-nio-8080-exec-29] org.apache.catalina.loader.WebappClassLoaderBase.clearReferencesJdbc The web application [MTB] registered the JDBC driver [com.microsoft.sqlserver.jdbc.SQLServerDriver] but failed to unregister it when the web application was stopped. To prevent a memory leak, the JDBC Driver has been forcibly unregistered.
18-Oct-2021 14:37:12.982 INFO [http-nio-8080-exec-29] org.apache.jasper.servlet.TldScanner.scanJars At least one JAR was scanned for TLDs yet contained no TLDs. Enable debug logging for this logger for a complete list of JARs that were scanned but no TLDs were found in them. Skipping unneeded JARs during scanning can improve startup time and JSP compilation time.
18-Oct-2021 14:37:13.019 INFO [http-nio-8080-exec-29] org.apache.catalina.core.StandardContext.reload Reloading Context with name [/MTB] is completed
18-Oct-2021 14:37:55.509 INFO [http-nio-8080-exec-41] org.apache.catalina.core.StandardContext.reload Reloading Context with name [/MTB] has started
18-Oct-2021 14:37:55.525 WARNING [http-nio-8080-exec-41] org.apache.catalina.loader.WebappClassLoaderBase.clearReferencesJdbc The web application [MTB] registered the JDBC driver [com.microsoft.sqlserver.jdbc.SQLServerDriver] but failed to unregister it when the web application was stopped. To prevent a memory leak, the JDBC Driver has been forcibly unregistered.
18-Oct-2021 14:37:56.199 INFO [http-nio-8080-exec-41] org.apache.jasper.servlet.TldScanner.scanJars At least one JAR was scanned for TLDs yet contained no TLDs. Enable debug logging for this logger for a complete list of JARs that were scanned but no TLDs were found in them. Skipping unneeded JARs during scanning can improve startup time and JSP compilation time.
18-Oct-2021 14:37:56.252 INFO [http-nio-8080-exec-41] org.apache.catalina.core.StandardContext.reload Reloading Context with name [/MTB] is completed
18-Oct-2021 14:39:13.736 INFO [http-nio-8080-exec-34] org.apache.catalina.core.StandardContext.reload Reloading Context with name [/MTB] has started
18-Oct-2021 14:39:14.254 INFO [http-nio-8080-exec-34] org.apache.jasper.servlet.TldScanner.scanJars At least one JAR was scanned for TLDs yet contained no TLDs. Enable debug logging for this logger for a complete list of JARs that were scanned but no TLDs were found in them. Skipping unneeded JARs during scanning can improve startup time and JSP compilation time.
18-Oct-2021 14:39:14.274 INFO [http-nio-8080-exec-34] org.apache.catalina.core.StandardContext.reload Reloading Context with name [/MTB] is completed
18-Oct-2021 14:39:48.520 INFO [http-nio-8080-exec-40] org.apache.catalina.core.StandardContext.reload Reloading Context with name [/MTB] has started
18-Oct-2021 14:39:48.528 WARNING [http-nio-8080-exec-40] org.apache.catalina.loader.WebappClassLoaderBase.clearReferencesJdbc The web application [MTB] registered the JDBC driver [com.microsoft.sqlserver.jdbc.SQLServerDriver] but failed to unregister it when the web application was stopped. To prevent a memory leak, the JDBC Driver has been forcibly unregistered.
18-Oct-2021 14:39:49.384 INFO [http-nio-8080-exec-40] org.apache.jasper.servlet.TldScanner.scanJars At least one JAR was scanned for TLDs yet contained no TLDs. Enable debug logging for this logger for a complete list of JARs that were scanned but no TLDs were found in them. Skipping unneeded JARs during scanning can improve startup time and JSP compilation time.
18-Oct-2021 14:39:49.433 INFO [http-nio-8080-exec-40] org.apache.catalina.core.StandardContext.reload Reloading Context with name [/MTB] is completed
18-Oct-2021 14:40:23.286 INFO [http-nio-8080-exec-46] org.apache.catalina.core.StandardContext.reload Reloading Context with name [/MTB] has started
18-Oct-2021 14:40:23.751 INFO [http-nio-8080-exec-46] org.apache.jasper.servlet.TldScanner.scanJars At least one JAR was scanned for TLDs yet contained no TLDs. Enable debug logging for this logger for a complete list of JARs that were scanned but no TLDs were found in them. Skipping unneeded JARs during scanning can improve startup time and JSP compilation time.
18-Oct-2021 14:40:23.789 INFO [http-nio-8080-exec-46] org.apache.catalina.core.StandardContext.reload Reloading Context with name [/MTB] is completed
18-Oct-2021 14:45:57.868 INFO [http-nio-8080-exec-51] org.apache.catalina.core.StandardContext.reload Reloading Context with name [/MTB] has started
18-Oct-2021 14:45:58.245 INFO [http-nio-8080-exec-51] org.apache.jasper.servlet.TldScanner.scanJars At least one JAR was scanned for TLDs yet contained no TLDs. Enable debug logging for this logger for a complete list of JARs that were scanned but no TLDs were found in them. Skipping unneeded JARs during scanning can improve startup time and JSP compilation time.
18-Oct-2021 14:45:58.272 INFO [http-nio-8080-exec-51] org.apache.catalina.core.StandardContext.reload Reloading Context with name [/MTB] is completed
18-Oct-2021 14:46:45.006 INFO [http-nio-8080-exec-43] org.apache.catalina.core.StandardContext.reload Reloading Context with name [/MTB] has started
18-Oct-2021 14:46:45.463 INFO [http-nio-8080-exec-43] org.apache.jasper.servlet.TldScanner.scanJars At least one JAR was scanned for TLDs yet contained no TLDs. Enable debug logging for this logger for a complete list of JARs that were scanned but no TLDs were found in them. Skipping unneeded JARs during scanning can improve startup time and JSP compilation time.
18-Oct-2021 14:46:45.493 INFO [http-nio-8080-exec-43] org.apache.catalina.core.StandardContext.reload Reloading Context with name [/MTB] is completed
18-Oct-2021 14:47:21.162 INFO [http-nio-8080-exec-34] org.apache.catalina.core.StandardContext.reload Reloading Context with name [/MTB] has started
18-Oct-2021 14:47:21.627 INFO [http-nio-8080-exec-34] org.apache.jasper.servlet.TldScanner.scanJars At least one JAR was scanned for TLDs yet contained no TLDs. Enable debug logging for this logger for a complete list of JARs that were scanned but no TLDs were found in them. Skipping unneeded JARs during scanning can improve startup time and JSP compilation time.
18-Oct-2021 14:47:21.665 INFO [http-nio-8080-exec-34] org.apache.catalina.core.StandardContext.reload Reloading Context with name [/MTB] is completed
18-Oct-2021 14:47:41.713 INFO [http-nio-8080-exec-43] org.apache.catalina.core.StandardContext.reload Reloading Context with name [/MTB] has started
18-Oct-2021 14:47:42.309 INFO [http-nio-8080-exec-43] org.apache.jasper.servlet.TldScanner.scanJars At least one JAR was scanned for TLDs yet contained no TLDs. Enable debug logging for this logger for a complete list of JARs that were scanned but no TLDs were found in them. Skipping unneeded JARs during scanning can improve startup time and JSP compilation time.
18-Oct-2021 14:47:42.329 INFO [http-nio-8080-exec-43] org.apache.catalina.core.StandardContext.reload Reloading Context with name [/MTB] is completed
18-Oct-2021 18:39:21.087 INFO [main] org.apache.catalina.core.StandardServer.await A valid shutdown command was received via the shutdown port. Stopping the Server instance.
18-Oct-2021 18:39:21.097 INFO [main] org.apache.coyote.AbstractProtocol.pause Pausing ProtocolHandler ["http-nio-8080"]
18-Oct-2021 18:39:21.287 INFO [main] org.apache.catalina.core.StandardService.stopInternal Stopping service [Catalina]
18-Oct-2021 18:39:21.854 WARNING [main] org.apache.catalina.loader.WebappClassLoaderBase.clearReferencesJdbc The web application [MTB] registered the JDBC driver [com.microsoft.sqlserver.jdbc.SQLServerDriver] but failed to unregister it when the web application was stopped. To prevent a memory leak, the JDBC Driver has been forcibly unregistered.
18-Oct-2021 18:39:21.857 INFO [main] org.apache.coyote.AbstractProtocol.stop Stopping ProtocolHandler ["http-nio-8080"]
18-Oct-2021 18:39:21.861 INFO [main] org.apache.coyote.AbstractProtocol.destroy Destroying ProtocolHandler ["http-nio-8080"]
