17-Sep-2021 00:09:13.090 INFO [main] org.apache.catalina.startup.VersionLoggerListener.log Server version name:   Apache Tomcat/9.0.34
17-Sep-2021 00:09:13.094 INFO [main] org.apache.catalina.startup.VersionLoggerListener.log Server built:          Apr 3 2020 12:02:52 UTC
17-Sep-2021 00:09:13.094 INFO [main] org.apache.catalina.startup.VersionLoggerListener.log Server version number: 9.0.34.0
17-Sep-2021 00:09:13.094 INFO [main] org.apache.catalina.startup.VersionLoggerListener.log OS Name:               Windows 10
17-Sep-2021 00:09:13.094 INFO [main] org.apache.catalina.startup.VersionLoggerListener.log OS Version:            10.0
17-Sep-2021 00:09:13.094 INFO [main] org.apache.catalina.startup.VersionLoggerListener.log Architecture:          amd64
17-Sep-2021 00:09:13.094 INFO [main] org.apache.catalina.startup.VersionLoggerListener.log Java Home:             C:\Program Files\Java\jdk1.8.0_261\jre
17-Sep-2021 00:09:13.094 INFO [main] org.apache.catalina.startup.VersionLoggerListener.log JVM Version:           1.8.0_261-b12
17-Sep-2021 00:09:13.094 INFO [main] org.apache.catalina.startup.VersionLoggerListener.log JVM Vendor:            Oracle Corporation
17-Sep-2021 00:09:13.094 INFO [main] org.apache.catalina.startup.VersionLoggerListener.log CATALINA_BASE:         E:\My Study\FPT\Summer 2021\PRJ301\apache-tomcat-9.0.34
17-Sep-2021 00:09:13.094 INFO [main] org.apache.catalina.startup.VersionLoggerListener.log CATALINA_HOME:         E:\My Study\FPT\Summer 2021\PRJ301\apache-tomcat-9.0.34
17-Sep-2021 00:09:13.098 INFO [main] org.apache.catalina.startup.VersionLoggerListener.log Command line argument: -Djava.util.logging.config.file=E:\My Study\FPT\Summer 2021\PRJ301\apache-tomcat-9.0.34\conf\logging.properties
17-Sep-2021 00:09:13.098 INFO [main] org.apache.catalina.startup.VersionLoggerListener.log Command line argument: -Djava.util.logging.manager=org.apache.juli.ClassLoaderLogManager
17-Sep-2021 00:09:13.098 INFO [main] org.apache.catalina.startup.VersionLoggerListener.log Command line argument: -Dhttp.nonProxyHosts=localhost|127.0.0.1|LAPTOP-ART8FMS6
17-Sep-2021 00:09:13.098 INFO [main] org.apache.catalina.startup.VersionLoggerListener.log Command line argument: -Djdk.tls.ephemeralDHKeySize=2048
17-Sep-2021 00:09:13.098 INFO [main] org.apache.catalina.startup.VersionLoggerListener.log Command line argument: -Djava.protocol.handler.pkgs=org.apache.catalina.webresources
17-Sep-2021 00:09:13.098 INFO [main] org.apache.catalina.startup.VersionLoggerListener.log Command line argument: -Dignore.endorsed.dirs=
17-Sep-2021 00:09:13.098 INFO [main] org.apache.catalina.startup.VersionLoggerListener.log Command line argument: -Dcatalina.base=E:\My Study\FPT\Summer 2021\PRJ301\apache-tomcat-9.0.34
17-Sep-2021 00:09:13.098 INFO [main] org.apache.catalina.startup.VersionLoggerListener.log Command line argument: -Dcatalina.home=E:\My Study\FPT\Summer 2021\PRJ301\apache-tomcat-9.0.34
17-Sep-2021 00:09:13.098 INFO [main] org.apache.catalina.startup.VersionLoggerListener.log Command line argument: -Djava.io.tmpdir=E:\My Study\FPT\Summer 2021\PRJ301\apache-tomcat-9.0.34\temp
17-Sep-2021 00:09:13.098 INFO [main] org.apache.catalina.core.AprLifecycleListener.lifecycleEvent Loaded APR based Apache Tomcat Native library [1.2.23] using APR version [1.7.0].
17-Sep-2021 00:09:13.098 INFO [main] org.apache.catalina.core.AprLifecycleListener.lifecycleEvent APR capabilities: IPv6 [true], sendfile [true], accept filters [false], random [true].
17-Sep-2021 00:09:13.098 INFO [main] org.apache.catalina.core.AprLifecycleListener.lifecycleEvent APR/OpenSSL configuration: useAprConnector [false], useOpenSSL [true]
17-Sep-2021 00:09:13.126 INFO [main] org.apache.catalina.core.AprLifecycleListener.initializeSSL OpenSSL successfully initialized [OpenSSL 1.1.1c  28 May 2019]
17-Sep-2021 00:09:13.682 INFO [main] org.apache.coyote.AbstractProtocol.init Initializing ProtocolHandler ["http-nio-8080"]
17-Sep-2021 00:09:13.894 INFO [main] org.apache.catalina.startup.Catalina.load Server initialization in [1,115] milliseconds
17-Sep-2021 00:09:13.946 INFO [main] org.apache.catalina.core.StandardService.startInternal Starting service [Catalina]
17-Sep-2021 00:09:13.946 INFO [main] org.apache.catalina.core.StandardEngine.startInternal Starting Servlet engine: [Apache Tomcat/9.0.34]
17-Sep-2021 00:09:13.966 INFO [main] org.apache.catalina.startup.HostConfig.deployDescriptor Deploying deployment descriptor [E:\My Study\FPT\Summer 2021\PRJ301\apache-tomcat-9.0.34\conf\Catalina\localhost\Calculator.xml]
17-Sep-2021 00:09:14.002 WARNING [main] org.apache.catalina.startup.HostConfig.deployDescriptor The path attribute with value [/Calculator] in deployment descriptor [E:\My Study\FPT\Summer 2021\PRJ301\apache-tomcat-9.0.34\conf\Catalina\localhost\Calculator.xml] has been ignored
17-Sep-2021 00:09:14.418 INFO [main] org.apache.catalina.startup.HostConfig.deployDescriptor Deployment of deployment descriptor [E:\My Study\FPT\Summer 2021\PRJ301\apache-tomcat-9.0.34\conf\Catalina\localhost\Calculator.xml] has finished in [452] ms
17-Sep-2021 00:09:14.418 INFO [main] org.apache.catalina.startup.HostConfig.deployDescriptor Deploying deployment descriptor [E:\My Study\FPT\Summer 2021\PRJ301\apache-tomcat-9.0.34\conf\Catalina\localhost\CourseWeb.xml]
17-Sep-2021 00:09:14.422 WARNING [main] org.apache.catalina.startup.HostConfig.deployDescriptor The path attribute with value [/CourseWeb] in deployment descriptor [E:\My Study\FPT\Summer 2021\PRJ301\apache-tomcat-9.0.34\conf\Catalina\localhost\CourseWeb.xml] has been ignored
17-Sep-2021 00:09:15.078 INFO [main] org.apache.jasper.servlet.TldScanner.scanJars At least one JAR was scanned for TLDs yet contained no TLDs. Enable debug logging for this logger for a complete list of JARs that were scanned but no TLDs were found in them. Skipping unneeded JARs during scanning can improve startup time and JSP compilation time.
17-Sep-2021 00:09:15.114 INFO [main] org.apache.catalina.startup.HostConfig.deployDescriptor Deployment of deployment descriptor [E:\My Study\FPT\Summer 2021\PRJ301\apache-tomcat-9.0.34\conf\Catalina\localhost\CourseWeb.xml] has finished in [696] ms
17-Sep-2021 00:09:15.114 INFO [main] org.apache.catalina.startup.HostConfig.deployDescriptor Deploying deployment descriptor [E:\My Study\FPT\Summer 2021\PRJ301\apache-tomcat-9.0.34\conf\Catalina\localhost\Day3_Lab.xml]
17-Sep-2021 00:09:15.118 WARNING [main] org.apache.catalina.startup.HostConfig.deployDescriptor The path attribute with value [/Day3_Lab] in deployment descriptor [E:\My Study\FPT\Summer 2021\PRJ301\apache-tomcat-9.0.34\conf\Catalina\localhost\Day3_Lab.xml] has been ignored
17-Sep-2021 00:09:15.206 INFO [main] org.apache.catalina.startup.HostConfig.deployDescriptor Deployment of deployment descriptor [E:\My Study\FPT\Summer 2021\PRJ301\apache-tomcat-9.0.34\conf\Catalina\localhost\Day3_Lab.xml] has finished in [92] ms
17-Sep-2021 00:09:15.206 INFO [main] org.apache.catalina.startup.HostConfig.deployDescriptor Deploying deployment descriptor [E:\My Study\FPT\Summer 2021\PRJ301\apache-tomcat-9.0.34\conf\Catalina\localhost\loginWebProject.xml]
17-Sep-2021 00:09:15.210 WARNING [main] org.apache.catalina.startup.HostConfig.deployDescriptor The path attribute with value [/loginWebProject] in deployment descriptor [E:\My Study\FPT\Summer 2021\PRJ301\apache-tomcat-9.0.34\conf\Catalina\localhost\loginWebProject.xml] has been ignored
17-Sep-2021 00:09:15.563 INFO [main] org.apache.jasper.servlet.TldScanner.scanJars At least one JAR was scanned for TLDs yet contained no TLDs. Enable debug logging for this logger for a complete list of JARs that were scanned but no TLDs were found in them. Skipping unneeded JARs during scanning can improve startup time and JSP compilation time.
17-Sep-2021 00:09:15.566 INFO [main] org.apache.catalina.startup.HostConfig.deployDescriptor Deployment of deployment descriptor [E:\My Study\FPT\Summer 2021\PRJ301\apache-tomcat-9.0.34\conf\Catalina\localhost\loginWebProject.xml] has finished in [360] ms
17-Sep-2021 00:09:15.566 INFO [main] org.apache.catalina.startup.HostConfig.deployDescriptor Deploying deployment descriptor [E:\My Study\FPT\Summer 2021\PRJ301\apache-tomcat-9.0.34\conf\Catalina\localhost\MVC.xml]
17-Sep-2021 00:09:15.570 WARNING [main] org.apache.catalina.startup.HostConfig.deployDescriptor The path attribute with value [/MVC] in deployment descriptor [E:\My Study\FPT\Summer 2021\PRJ301\apache-tomcat-9.0.34\conf\Catalina\localhost\MVC.xml] has been ignored
17-Sep-2021 00:09:15.578 SEVERE [main] org.apache.catalina.startup.HostConfig.deployDescriptor Error deploying deployment descriptor [E:\My Study\FPT\Summer 2021\PRJ301\apache-tomcat-9.0.34\conf\Catalina\localhost\MVC.xml]
	java.lang.IllegalStateException: Error starting child
		at org.apache.catalina.core.ContainerBase.addChildInternal(ContainerBase.java:720)
		at org.apache.catalina.core.ContainerBase.addChild(ContainerBase.java:690)
		at org.apache.catalina.core.StandardHost.addChild(StandardHost.java:705)
		at org.apache.catalina.startup.HostConfig.deployDescriptor(HostConfig.java:631)
		at org.apache.catalina.startup.HostConfig$DeployDescriptor.run(HostConfig.java:1831)
		at java.util.concurrent.Executors$RunnableAdapter.call(Executors.java:511)
		at java.util.concurrent.FutureTask.run(FutureTask.java:266)
		at org.apache.tomcat.util.threads.InlineExecutorService.execute(InlineExecutorService.java:75)
		at java.util.concurrent.AbstractExecutorService.submit(AbstractExecutorService.java:112)
		at org.apache.catalina.startup.HostConfig.deployDescriptors(HostConfig.java:526)
		at org.apache.catalina.startup.HostConfig.deployApps(HostConfig.java:425)
		at org.apache.catalina.startup.HostConfig.start(HostConfig.java:1576)
		at org.apache.catalina.startup.HostConfig.lifecycleEvent(HostConfig.java:309)
		at org.apache.catalina.util.LifecycleBase.fireLifecycleEvent(LifecycleBase.java:123)
		at org.apache.catalina.util.LifecycleBase.setStateInternal(LifecycleBase.java:423)
		at org.apache.catalina.util.LifecycleBase.setState(LifecycleBase.java:366)
		at org.apache.catalina.core.ContainerBase.startInternal(ContainerBase.java:936)
		at org.apache.catalina.core.StandardHost.startInternal(StandardHost.java:841)
		at org.apache.catalina.util.LifecycleBase.start(LifecycleBase.java:183)
		at org.apache.catalina.core.ContainerBase$StartChild.call(ContainerBase.java:1384)
		at org.apache.catalina.core.ContainerBase$StartChild.call(ContainerBase.java:1374)
		at java.util.concurrent.FutureTask.run(FutureTask.java:266)
		at org.apache.tomcat.util.threads.InlineExecutorService.execute(InlineExecutorService.java:75)
		at java.util.concurrent.AbstractExecutorService.submit(AbstractExecutorService.java:134)
		at org.apache.catalina.core.ContainerBase.startInternal(ContainerBase.java:909)
		at org.apache.catalina.core.StandardEngine.startInternal(StandardEngine.java:262)
		at org.apache.catalina.util.LifecycleBase.start(LifecycleBase.java:183)
		at org.apache.catalina.core.StandardService.startInternal(StandardService.java:421)
		at org.apache.catalina.util.LifecycleBase.start(LifecycleBase.java:183)
		at org.apache.catalina.core.StandardServer.startInternal(StandardServer.java:930)
		at org.apache.catalina.util.LifecycleBase.start(LifecycleBase.java:183)
		at org.apache.catalina.startup.Catalina.start(Catalina.java:633)
		at sun.reflect.NativeMethodAccessorImpl.invoke0(Native Method)
		at sun.reflect.NativeMethodAccessorImpl.invoke(NativeMethodAccessorImpl.java:62)
		at sun.reflect.DelegatingMethodAccessorImpl.invoke(DelegatingMethodAccessorImpl.java:43)
		at java.lang.reflect.Method.invoke(Method.java:498)
		at org.apache.catalina.startup.Bootstrap.start(Bootstrap.java:343)
		at org.apache.catalina.startup.Bootstrap.main(Bootstrap.java:474)
	Caused by: org.apache.catalina.LifecycleException: Failed to start component [org.apache.catalina.webresources.StandardRoot@3fc9504b]
		at org.apache.catalina.util.LifecycleBase.handleSubClassException(LifecycleBase.java:440)
		at org.apache.catalina.util.LifecycleBase.start(LifecycleBase.java:198)
		at org.apache.catalina.core.StandardContext.resourcesStart(StandardContext.java:4805)
		at org.apache.catalina.core.StandardContext.startInternal(StandardContext.java:4940)
		at org.apache.catalina.util.LifecycleBase.start(LifecycleBase.java:183)
		at org.apache.catalina.core.ContainerBase.addChildInternal(ContainerBase.java:717)
		... 37 more
	Caused by: java.lang.IllegalArgumentException: The main resource set specified [E:\My Study\FPT\Summer 2021\PRJ301\MVC\build\web] is not valid
		at org.apache.catalina.webresources.StandardRoot.createMainResourceSet(StandardRoot.java:752)
		at org.apache.catalina.webresources.StandardRoot.startInternal(StandardRoot.java:709)
		at org.apache.catalina.util.LifecycleBase.start(LifecycleBase.java:183)
		... 41 more
17-Sep-2021 00:09:15.623 INFO [main] org.apache.catalina.startup.HostConfig.deployDescriptor Deployment of deployment descriptor [E:\My Study\FPT\Summer 2021\PRJ301\apache-tomcat-9.0.34\conf\Catalina\localhost\MVC.xml] has finished in [57] ms
17-Sep-2021 00:09:15.623 INFO [main] org.apache.catalina.startup.HostConfig.deployDescriptor Deploying deployment descriptor [E:\My Study\FPT\Summer 2021\PRJ301\apache-tomcat-9.0.34\conf\Catalina\localhost\PE_DE150256_SE1502.xml]
17-Sep-2021 00:09:15.623 WARNING [main] org.apache.catalina.startup.HostConfig.deployDescriptor The path attribute with value [/PE_DE150256_SE1502] in deployment descriptor [E:\My Study\FPT\Summer 2021\PRJ301\apache-tomcat-9.0.34\conf\Catalina\localhost\PE_DE150256_SE1502.xml] has been ignored
17-Sep-2021 00:09:16.487 INFO [main] org.apache.jasper.servlet.TldScanner.scanJars At least one JAR was scanned for TLDs yet contained no TLDs. Enable debug logging for this logger for a complete list of JARs that were scanned but no TLDs were found in them. Skipping unneeded JARs during scanning can improve startup time and JSP compilation time.
17-Sep-2021 00:09:16.523 INFO [main] org.apache.catalina.startup.HostConfig.deployDescriptor Deployment of deployment descriptor [E:\My Study\FPT\Summer 2021\PRJ301\apache-tomcat-9.0.34\conf\Catalina\localhost\PE_DE150256_SE1502.xml] has finished in [900] ms
17-Sep-2021 00:09:16.523 INFO [main] org.apache.catalina.startup.HostConfig.deployDescriptor Deploying deployment descriptor [E:\My Study\FPT\Summer 2021\PRJ301\apache-tomcat-9.0.34\conf\Catalina\localhost\PRJ301_Workshop1.xml]
17-Sep-2021 00:09:16.527 WARNING [main] org.apache.catalina.startup.HostConfig.deployDescriptor The path attribute with value [/PRJ301_Workshop1] in deployment descriptor [E:\My Study\FPT\Summer 2021\PRJ301\apache-tomcat-9.0.34\conf\Catalina\localhost\PRJ301_Workshop1.xml] has been ignored
17-Sep-2021 00:09:16.999 INFO [main] org.apache.jasper.servlet.TldScanner.scanJars At least one JAR was scanned for TLDs yet contained no TLDs. Enable debug logging for this logger for a complete list of JARs that were scanned but no TLDs were found in them. Skipping unneeded JARs during scanning can improve startup time and JSP compilation time.
17-Sep-2021 00:09:17.023 INFO [main] org.apache.catalina.startup.HostConfig.deployDescriptor Deployment of deployment descriptor [E:\My Study\FPT\Summer 2021\PRJ301\apache-tomcat-9.0.34\conf\Catalina\localhost\PRJ301_Workshop1.xml] has finished in [500] ms
17-Sep-2021 00:09:17.023 INFO [main] org.apache.catalina.startup.HostConfig.deployDescriptor Deploying deployment descriptor [E:\My Study\FPT\Summer 2021\PRJ301\apache-tomcat-9.0.34\conf\Catalina\localhost\ProjectDay3_EL.xml]
17-Sep-2021 00:09:17.027 WARNING [main] org.apache.catalina.startup.HostConfig.deployDescriptor The path attribute with value [/ProjectDay3_EL] in deployment descriptor [E:\My Study\FPT\Summer 2021\PRJ301\apache-tomcat-9.0.34\conf\Catalina\localhost\ProjectDay3_EL.xml] has been ignored
17-Sep-2021 00:09:17.495 INFO [main] org.apache.jasper.servlet.TldScanner.scanJars At least one JAR was scanned for TLDs yet contained no TLDs. Enable debug logging for this logger for a complete list of JARs that were scanned but no TLDs were found in them. Skipping unneeded JARs during scanning can improve startup time and JSP compilation time.
17-Sep-2021 00:09:17.523 INFO [main] org.apache.catalina.startup.HostConfig.deployDescriptor Deployment of deployment descriptor [E:\My Study\FPT\Summer 2021\PRJ301\apache-tomcat-9.0.34\conf\Catalina\localhost\ProjectDay3_EL.xml] has finished in [500] ms
17-Sep-2021 00:09:17.523 INFO [main] org.apache.catalina.startup.HostConfig.deployDescriptor Deploying deployment descriptor [E:\My Study\FPT\Summer 2021\PRJ301\apache-tomcat-9.0.34\conf\Catalina\localhost\sanpham.xml]
17-Sep-2021 00:09:17.527 WARNING [main] org.apache.catalina.startup.HostConfig.deployDescriptor The path attribute with value [/sanpham] in deployment descriptor [E:\My Study\FPT\Summer 2021\PRJ301\apache-tomcat-9.0.34\conf\Catalina\localhost\sanpham.xml] has been ignored
17-Sep-2021 00:09:18.168 INFO [main] org.apache.jasper.servlet.TldScanner.scanJars At least one JAR was scanned for TLDs yet contained no TLDs. Enable debug logging for this logger for a complete list of JARs that were scanned but no TLDs were found in them. Skipping unneeded JARs during scanning can improve startup time and JSP compilation time.
17-Sep-2021 00:09:18.188 INFO [main] org.apache.catalina.startup.HostConfig.deployDescriptor Deployment of deployment descriptor [E:\My Study\FPT\Summer 2021\PRJ301\apache-tomcat-9.0.34\conf\Catalina\localhost\sanpham.xml] has finished in [665] ms
17-Sep-2021 00:09:18.188 INFO [main] org.apache.catalina.startup.HostConfig.deployDescriptor Deploying deployment descriptor [E:\My Study\FPT\Summer 2021\PRJ301\apache-tomcat-9.0.34\conf\Catalina\localhost\SE1502_JSP.xml]
17-Sep-2021 00:09:18.188 WARNING [main] org.apache.catalina.startup.HostConfig.deployDescriptor The path attribute with value [/SE1502_JSP] in deployment descriptor [E:\My Study\FPT\Summer 2021\PRJ301\apache-tomcat-9.0.34\conf\Catalina\localhost\SE1502_JSP.xml] has been ignored
17-Sep-2021 00:09:18.228 INFO [main] org.apache.catalina.startup.HostConfig.deployDescriptor Deployment of deployment descriptor [E:\My Study\FPT\Summer 2021\PRJ301\apache-tomcat-9.0.34\conf\Catalina\localhost\SE1502_JSP.xml] has finished in [40] ms
17-Sep-2021 00:09:18.228 INFO [main] org.apache.catalina.startup.HostConfig.deployDescriptor Deploying deployment descriptor [E:\My Study\FPT\Summer 2021\PRJ301\apache-tomcat-9.0.34\conf\Catalina\localhost\SE1502_TestDB_Lab4.xml]
17-Sep-2021 00:09:18.228 WARNING [main] org.apache.catalina.startup.HostConfig.deployDescriptor The path attribute with value [/SE1502_TestDB_Lab4] in deployment descriptor [E:\My Study\FPT\Summer 2021\PRJ301\apache-tomcat-9.0.34\conf\Catalina\localhost\SE1502_TestDB_Lab4.xml] has been ignored
17-Sep-2021 00:09:18.780 INFO [main] org.apache.jasper.servlet.TldScanner.scanJars At least one JAR was scanned for TLDs yet contained no TLDs. Enable debug logging for this logger for a complete list of JARs that were scanned but no TLDs were found in them. Skipping unneeded JARs during scanning can improve startup time and JSP compilation time.
17-Sep-2021 00:09:18.804 INFO [main] org.apache.catalina.startup.HostConfig.deployDescriptor Deployment of deployment descriptor [E:\My Study\FPT\Summer 2021\PRJ301\apache-tomcat-9.0.34\conf\Catalina\localhost\SE1502_TestDB_Lab4.xml] has finished in [576] ms
17-Sep-2021 00:09:18.804 INFO [main] org.apache.catalina.startup.HostConfig.deployDescriptor Deploying deployment descriptor [E:\My Study\FPT\Summer 2021\PRJ301\apache-tomcat-9.0.34\conf\Catalina\localhost\workshop2_Se1502.xml]
17-Sep-2021 00:09:18.808 WARNING [main] org.apache.catalina.startup.HostConfig.deployDescriptor The path attribute with value [/workshop2_Se1502] in deployment descriptor [E:\My Study\FPT\Summer 2021\PRJ301\apache-tomcat-9.0.34\conf\Catalina\localhost\workshop2_Se1502.xml] has been ignored
17-Sep-2021 00:09:18.816 SEVERE [main] org.apache.catalina.startup.HostConfig.deployDescriptor Error deploying deployment descriptor [E:\My Study\FPT\Summer 2021\PRJ301\apache-tomcat-9.0.34\conf\Catalina\localhost\workshop2_Se1502.xml]
	java.lang.IllegalStateException: Error starting child
		at org.apache.catalina.core.ContainerBase.addChildInternal(ContainerBase.java:720)
		at org.apache.catalina.core.ContainerBase.addChild(ContainerBase.java:690)
		at org.apache.catalina.core.StandardHost.addChild(StandardHost.java:705)
		at org.apache.catalina.startup.HostConfig.deployDescriptor(HostConfig.java:631)
		at org.apache.catalina.startup.HostConfig$DeployDescriptor.run(HostConfig.java:1831)
		at java.util.concurrent.Executors$RunnableAdapter.call(Executors.java:511)
		at java.util.concurrent.FutureTask.run(FutureTask.java:266)
		at org.apache.tomcat.util.threads.InlineExecutorService.execute(InlineExecutorService.java:75)
		at java.util.concurrent.AbstractExecutorService.submit(AbstractExecutorService.java:112)
		at org.apache.catalina.startup.HostConfig.deployDescriptors(HostConfig.java:526)
		at org.apache.catalina.startup.HostConfig.deployApps(HostConfig.java:425)
		at org.apache.catalina.startup.HostConfig.start(HostConfig.java:1576)
		at org.apache.catalina.startup.HostConfig.lifecycleEvent(HostConfig.java:309)
		at org.apache.catalina.util.LifecycleBase.fireLifecycleEvent(LifecycleBase.java:123)
		at org.apache.catalina.util.LifecycleBase.setStateInternal(LifecycleBase.java:423)
		at org.apache.catalina.util.LifecycleBase.setState(LifecycleBase.java:366)
		at org.apache.catalina.core.ContainerBase.startInternal(ContainerBase.java:936)
		at org.apache.catalina.core.StandardHost.startInternal(StandardHost.java:841)
		at org.apache.catalina.util.LifecycleBase.start(LifecycleBase.java:183)
		at org.apache.catalina.core.ContainerBase$StartChild.call(ContainerBase.java:1384)
		at org.apache.catalina.core.ContainerBase$StartChild.call(ContainerBase.java:1374)
		at java.util.concurrent.FutureTask.run(FutureTask.java:266)
		at org.apache.tomcat.util.threads.InlineExecutorService.execute(InlineExecutorService.java:75)
		at java.util.concurrent.AbstractExecutorService.submit(AbstractExecutorService.java:134)
		at org.apache.catalina.core.ContainerBase.startInternal(ContainerBase.java:909)
		at org.apache.catalina.core.StandardEngine.startInternal(StandardEngine.java:262)
		at org.apache.catalina.util.LifecycleBase.start(LifecycleBase.java:183)
		at org.apache.catalina.core.StandardService.startInternal(StandardService.java:421)
		at org.apache.catalina.util.LifecycleBase.start(LifecycleBase.java:183)
		at org.apache.catalina.core.StandardServer.startInternal(StandardServer.java:930)
		at org.apache.catalina.util.LifecycleBase.start(LifecycleBase.java:183)
		at org.apache.catalina.startup.Catalina.start(Catalina.java:633)
		at sun.reflect.NativeMethodAccessorImpl.invoke0(Native Method)
		at sun.reflect.NativeMethodAccessorImpl.invoke(NativeMethodAccessorImpl.java:62)
		at sun.reflect.DelegatingMethodAccessorImpl.invoke(DelegatingMethodAccessorImpl.java:43)
		at java.lang.reflect.Method.invoke(Method.java:498)
		at org.apache.catalina.startup.Bootstrap.start(Bootstrap.java:343)
		at org.apache.catalina.startup.Bootstrap.main(Bootstrap.java:474)
	Caused by: org.apache.catalina.LifecycleException: Failed to start component [org.apache.catalina.webresources.StandardRoot@34b9eb03]
		at org.apache.catalina.util.LifecycleBase.handleSubClassException(LifecycleBase.java:440)
		at org.apache.catalina.util.LifecycleBase.start(LifecycleBase.java:198)
		at org.apache.catalina.core.StandardContext.resourcesStart(StandardContext.java:4805)
		at org.apache.catalina.core.StandardContext.startInternal(StandardContext.java:4940)
		at org.apache.catalina.util.LifecycleBase.start(LifecycleBase.java:183)
		at org.apache.catalina.core.ContainerBase.addChildInternal(ContainerBase.java:717)
		... 37 more
	Caused by: java.lang.IllegalArgumentException: The main resource set specified [C:\Users\Hi\Desktop\workshop2_Se1502_TranNguyenPhungTri_DE150048\workshop2_Se1502\build\web] is not valid
		at org.apache.catalina.webresources.StandardRoot.createMainResourceSet(StandardRoot.java:752)
		at org.apache.catalina.webresources.StandardRoot.startInternal(StandardRoot.java:709)
		at org.apache.catalina.util.LifecycleBase.start(LifecycleBase.java:183)
		... 41 more
17-Sep-2021 00:09:18.868 INFO [main] org.apache.catalina.startup.HostConfig.deployDescriptor Deployment of deployment descriptor [E:\My Study\FPT\Summer 2021\PRJ301\apache-tomcat-9.0.34\conf\Catalina\localhost\workshop2_Se1502.xml] has finished in [64] ms
17-Sep-2021 00:09:18.872 INFO [main] org.apache.catalina.startup.HostConfig.deployDirectory Deploying web application directory [E:\My Study\FPT\Summer 2021\PRJ301\apache-tomcat-9.0.34\webapps\docs]
17-Sep-2021 00:09:18.940 INFO [main] org.apache.catalina.startup.HostConfig.deployDirectory Deployment of web application directory [E:\My Study\FPT\Summer 2021\PRJ301\apache-tomcat-9.0.34\webapps\docs] has finished in [68] ms
17-Sep-2021 00:09:18.940 INFO [main] org.apache.catalina.startup.HostConfig.deployDirectory Deploying web application directory [E:\My Study\FPT\Summer 2021\PRJ301\apache-tomcat-9.0.34\webapps\examples]
17-Sep-2021 00:09:19.876 INFO [main] org.apache.catalina.startup.HostConfig.deployDirectory Deployment of web application directory [E:\My Study\FPT\Summer 2021\PRJ301\apache-tomcat-9.0.34\webapps\examples] has finished in [936] ms
17-Sep-2021 00:09:19.876 INFO [main] org.apache.catalina.startup.HostConfig.deployDirectory Deploying web application directory [E:\My Study\FPT\Summer 2021\PRJ301\apache-tomcat-9.0.34\webapps\host-manager]
17-Sep-2021 00:09:19.928 INFO [main] org.apache.catalina.startup.HostConfig.deployDirectory Deployment of web application directory [E:\My Study\FPT\Summer 2021\PRJ301\apache-tomcat-9.0.34\webapps\host-manager] has finished in [52] ms
17-Sep-2021 00:09:19.932 INFO [main] org.apache.catalina.startup.HostConfig.deployDirectory Deploying web application directory [E:\My Study\FPT\Summer 2021\PRJ301\apache-tomcat-9.0.34\webapps\manager]
17-Sep-2021 00:09:19.988 INFO [main] org.apache.catalina.startup.HostConfig.deployDirectory Deployment of web application directory [E:\My Study\FPT\Summer 2021\PRJ301\apache-tomcat-9.0.34\webapps\manager] has finished in [56] ms
17-Sep-2021 00:09:19.992 INFO [main] org.apache.catalina.startup.HostConfig.deployDirectory Deploying web application directory [E:\My Study\FPT\Summer 2021\PRJ301\apache-tomcat-9.0.34\webapps\ROOT]
17-Sep-2021 00:09:20.028 INFO [main] org.apache.catalina.startup.HostConfig.deployDirectory Deployment of web application directory [E:\My Study\FPT\Summer 2021\PRJ301\apache-tomcat-9.0.34\webapps\ROOT] has finished in [36] ms
17-Sep-2021 00:09:20.036 INFO [main] org.apache.coyote.AbstractProtocol.start Starting ProtocolHandler ["http-nio-8080"]
17-Sep-2021 00:09:20.056 INFO [main] org.apache.catalina.startup.Catalina.start Server startup in [6,162] milliseconds
17-Sep-2021 01:46:02.710 INFO [main] org.apache.catalina.core.StandardServer.await A valid shutdown command was received via the shutdown port. Stopping the Server instance.
17-Sep-2021 01:46:02.716 INFO [main] org.apache.coyote.AbstractProtocol.pause Pausing ProtocolHandler ["http-nio-8080"]
17-Sep-2021 01:46:02.822 INFO [main] org.apache.catalina.core.StandardService.stopInternal Stopping service [Catalina]
17-Sep-2021 01:46:03.167 WARNING [main] org.apache.catalina.loader.WebappClassLoaderBase.clearReferencesJdbc The web application [sanpham] registered the JDBC driver [com.microsoft.sqlserver.jdbc.SQLServerDriver] but failed to unregister it when the web application was stopped. To prevent a memory leak, the JDBC Driver has been forcibly unregistered.
17-Sep-2021 01:46:03.169 SEVERE [main] org.apache.catalina.loader.WebappClassLoaderBase.checkThreadLocalMapForLeaks The web application [sanpham] created a ThreadLocal with key of type [com.microsoft.sqlserver.jdbc.ActivityCorrelator$1] (value [com.microsoft.sqlserver.jdbc.ActivityCorrelator$1@3127cb44]) and a value of type [com.microsoft.sqlserver.jdbc.ActivityId] (value [7ab514ed-85a7-495e-a372-c9026c211eb0-3]) but failed to remove it when the web application was stopped. Threads are going to be renewed over time to try and avoid a probable memory leak.
17-Sep-2021 01:46:03.169 SEVERE [main] org.apache.catalina.loader.WebappClassLoaderBase.checkThreadLocalMapForLeaks The web application [sanpham] created a ThreadLocal with key of type [com.microsoft.sqlserver.jdbc.ActivityCorrelator$1] (value [com.microsoft.sqlserver.jdbc.ActivityCorrelator$1@3127cb44]) and a value of type [com.microsoft.sqlserver.jdbc.ActivityId] (value [f9a3dce1-93c5-41e5-ad45-b5e625c99e3e-4]) but failed to remove it when the web application was stopped. Threads are going to be renewed over time to try and avoid a probable memory leak.
17-Sep-2021 01:46:03.169 SEVERE [main] org.apache.catalina.loader.WebappClassLoaderBase.checkThreadLocalMapForLeaks The web application [sanpham] created a ThreadLocal with key of type [com.microsoft.sqlserver.jdbc.ActivityCorrelator$1] (value [com.microsoft.sqlserver.jdbc.ActivityCorrelator$1@3127cb44]) and a value of type [com.microsoft.sqlserver.jdbc.ActivityId] (value [e772e930-5a21-47ef-a13e-e8b4563d24ce-7]) but failed to remove it when the web application was stopped. Threads are going to be renewed over time to try and avoid a probable memory leak.
17-Sep-2021 01:46:03.169 SEVERE [main] org.apache.catalina.loader.WebappClassLoaderBase.checkThreadLocalMapForLeaks The web application [sanpham] created a ThreadLocal with key of type [com.microsoft.sqlserver.jdbc.ActivityCorrelator$1] (value [com.microsoft.sqlserver.jdbc.ActivityCorrelator$1@3127cb44]) and a value of type [com.microsoft.sqlserver.jdbc.ActivityId] (value [18d48295-bbaf-4394-9fd7-f96e485be2e0-1]) but failed to remove it when the web application was stopped. Threads are going to be renewed over time to try and avoid a probable memory leak.
17-Sep-2021 01:46:03.169 SEVERE [main] org.apache.catalina.loader.WebappClassLoaderBase.checkThreadLocalMapForLeaks The web application [sanpham] created a ThreadLocal with key of type [com.microsoft.sqlserver.jdbc.ActivityCorrelator$1] (value [com.microsoft.sqlserver.jdbc.ActivityCorrelator$1@3127cb44]) and a value of type [com.microsoft.sqlserver.jdbc.ActivityId] (value [309f7a7b-ebc8-4e47-977a-ae307e818901-1]) but failed to remove it when the web application was stopped. Threads are going to be renewed over time to try and avoid a probable memory leak.
17-Sep-2021 01:46:03.170 SEVERE [main] org.apache.catalina.loader.WebappClassLoaderBase.checkThreadLocalMapForLeaks The web application [sanpham] created a ThreadLocal with key of type [com.microsoft.sqlserver.jdbc.ActivityCorrelator$1] (value [com.microsoft.sqlserver.jdbc.ActivityCorrelator$1@3127cb44]) and a value of type [com.microsoft.sqlserver.jdbc.ActivityId] (value [ca914dd1-8727-42b2-8f3c-7a2cca5bdcca-3]) but failed to remove it when the web application was stopped. Threads are going to be renewed over time to try and avoid a probable memory leak.
17-Sep-2021 01:46:03.173 INFO [main] org.apache.coyote.AbstractProtocol.stop Stopping ProtocolHandler ["http-nio-8080"]
17-Sep-2021 01:46:03.176 INFO [main] org.apache.coyote.AbstractProtocol.destroy Destroying ProtocolHandler ["http-nio-8080"]
