03-Nov-2021 15:35:42.291 INFO [http-nio-8080-exec-8] org.apache.catalina.core.ApplicationContext.log Manager: init: Associated with Deployer 'Catalina:type=Deployer,host=localhost'
03-Nov-2021 15:35:42.292 INFO [http-nio-8080-exec-8] org.apache.catalina.core.ApplicationContext.log Manager: init: Global resources are available
03-Nov-2021 15:35:43.643 INFO [http-nio-8080-exec-5] org.apache.catalina.core.ApplicationContext.log Manager: list: Listing contexts for virtual host 'localhost'
03-Nov-2021 15:35:43.809 INFO [http-nio-8080-exec-3] org.apache.catalina.core.ApplicationContext.log Manager: list: Listing contexts for virtual host 'localhost'
03-Nov-2021 15:35:43.846 INFO [http-nio-8080-exec-1] org.apache.catalina.core.ApplicationContext.log Manager: install: Installing context configuration at 'file:/C:/Users/Hi/AppData/Local/Temp/context4693626777255327193.xml'
03-Nov-2021 15:35:44.000 INFO [http-nio-8080-exec-4] org.apache.catalina.core.ApplicationContext.log Manager: start: Starting web application '/Web'
03-Nov-2021 15:36:55.685 INFO [http-nio-8080-exec-7] org.apache.catalina.core.ApplicationContext.log Manager: list: Listing contexts for virtual host 'localhost'
03-Nov-2021 15:36:57.138 INFO [http-nio-8080-exec-6] org.apache.catalina.core.ApplicationContext.log Manager: list: Listing contexts for virtual host 'localhost'
03-Nov-2021 15:36:58.202 INFO [http-nio-8080-exec-2] org.apache.catalina.core.ApplicationContext.log Manager: list: Listing contexts for virtual host 'localhost'
03-Nov-2021 15:38:38.520 INFO [http-nio-8080-exec-1] org.apache.catalina.core.ApplicationContext.log Manager: list: Listing contexts for virtual host 'localhost'
03-Nov-2021 15:38:38.531 INFO [http-nio-8080-exec-10] org.apache.catalina.core.ApplicationContext.log Manager: list: Listing contexts for virtual host 'localhost'
03-Nov-2021 15:39:02.586 INFO [http-nio-8080-exec-3] org.apache.catalina.core.ApplicationContext.log Manager: list: Listing contexts for virtual host 'localhost'
03-Nov-2021 15:39:02.597 INFO [http-nio-8080-exec-6] org.apache.catalina.core.ApplicationContext.log Manager: list: Listing contexts for virtual host 'localhost'
03-Nov-2021 15:39:13.865 INFO [http-nio-8080-exec-8] org.apache.catalina.core.ApplicationContext.log Manager: list: Listing contexts for virtual host 'localhost'
03-Nov-2021 15:39:17.341 INFO [http-nio-8080-exec-9] org.apache.catalina.core.ApplicationContext.log Manager: list: Listing contexts for virtual host 'localhost'
03-Nov-2021 15:39:17.348 INFO [http-nio-8080-exec-4] org.apache.catalina.core.ApplicationContext.log Manager: list: Listing contexts for virtual host 'localhost'
03-Nov-2021 15:39:22.957 INFO [http-nio-8080-exec-8] org.apache.catalina.core.ApplicationContext.log Manager: list: Listing contexts for virtual host 'localhost'
03-Nov-2021 15:39:22.965 INFO [http-nio-8080-exec-9] org.apache.catalina.core.ApplicationContext.log Manager: list: Listing contexts for virtual host 'localhost'
03-Nov-2021 15:43:13.617 INFO [http-nio-8080-exec-5] org.apache.catalina.core.ApplicationContext.log Manager: list: Listing contexts for virtual host 'localhost'
03-Nov-2021 15:44:17.391 INFO [http-nio-8080-exec-8] org.apache.catalina.core.ApplicationContext.log Manager: list: Listing contexts for virtual host 'localhost'
03-Nov-2021 15:44:29.485 INFO [http-nio-8080-exec-10] org.apache.catalina.core.ApplicationContext.log Manager: list: Listing contexts for virtual host 'localhost'
03-Nov-2021 15:45:01.226 INFO [http-nio-8080-exec-3] org.apache.catalina.core.ApplicationContext.log Manager: list: Listing contexts for virtual host 'localhost'
03-Nov-2021 15:45:22.454 INFO [http-nio-8080-exec-7] org.apache.catalina.core.ApplicationContext.log Manager: list: Listing contexts for virtual host 'localhost'
03-Nov-2021 15:45:27.473 INFO [http-nio-8080-exec-9] org.apache.catalina.core.ApplicationContext.log Manager: list: Listing contexts for virtual host 'localhost'
03-Nov-2021 15:46:09.217 INFO [http-nio-8080-exec-8] org.apache.catalina.core.ApplicationContext.log Manager: list: Listing contexts for virtual host 'localhost'
03-Nov-2021 15:47:25.841 INFO [http-nio-8080-exec-4] org.apache.catalina.core.ApplicationContext.log Manager: list: Listing contexts for virtual host 'localhost'
03-Nov-2021 15:47:25.866 INFO [http-nio-8080-exec-1] org.apache.catalina.core.ApplicationContext.log Manager: restart: Reloading web application '/Web'
03-Nov-2021 15:48:14.904 INFO [http-nio-8080-exec-12] org.apache.catalina.core.ApplicationContext.log Manager: list: Listing contexts for virtual host 'localhost'
03-Nov-2021 15:48:14.930 INFO [http-nio-8080-exec-5] org.apache.catalina.core.ApplicationContext.log Manager: restart: Reloading web application '/Web'
03-Nov-2021 15:48:15.990 INFO [http-nio-8080-exec-2] org.apache.catalina.core.ApplicationContext.log Manager: list: Listing contexts for virtual host 'localhost'
03-Nov-2021 15:48:16.006 INFO [http-nio-8080-exec-7] org.apache.catalina.core.ApplicationContext.log Manager: restart: Reloading web application '/Web'
03-Nov-2021 15:49:12.045 INFO [http-nio-8080-exec-14] org.apache.catalina.core.ApplicationContext.log Manager: list: Listing contexts for virtual host 'localhost'
03-Nov-2021 15:49:39.418 INFO [http-nio-8080-exec-3] org.apache.catalina.core.ApplicationContext.log Manager: list: Listing contexts for virtual host 'localhost'
03-Nov-2021 15:49:50.652 INFO [http-nio-8080-exec-17] org.apache.catalina.core.ApplicationContext.log Manager: list: Listing contexts for virtual host 'localhost'
03-Nov-2021 15:50:15.237 INFO [http-nio-8080-exec-6] org.apache.catalina.core.ApplicationContext.log Manager: list: Listing contexts for virtual host 'localhost'
03-Nov-2021 15:50:28.177 INFO [http-nio-8080-exec-6] org.apache.catalina.core.ApplicationContext.log Manager: list: Listing contexts for virtual host 'localhost'
03-Nov-2021 15:50:28.183 INFO [http-nio-8080-exec-14] org.apache.catalina.core.ApplicationContext.log Manager: list: Listing contexts for virtual host 'localhost'
03-Nov-2021 15:50:28.281 INFO [http-nio-8080-exec-16] org.apache.catalina.core.ApplicationContext.log Manager: restart: Reloading web application '/Web'
03-Nov-2021 15:51:08.809 INFO [http-nio-8080-exec-3] org.apache.catalina.core.ApplicationContext.log Manager: list: Listing contexts for virtual host 'localhost'
03-Nov-2021 15:52:23.657 INFO [http-nio-8080-exec-22] org.apache.catalina.core.ApplicationContext.log Manager: list: Listing contexts for virtual host 'localhost'
03-Nov-2021 15:52:44.373 INFO [http-nio-8080-exec-25] org.apache.catalina.core.ApplicationContext.log Manager: list: Listing contexts for virtual host 'localhost'
03-Nov-2021 15:53:07.856 INFO [http-nio-8080-exec-28] org.apache.catalina.core.ApplicationContext.log Manager: list: Listing contexts for virtual host 'localhost'
03-Nov-2021 15:53:32.624 INFO [http-nio-8080-exec-27] org.apache.catalina.core.ApplicationContext.log Manager: list: Listing contexts for virtual host 'localhost'
03-Nov-2021 15:54:23.893 INFO [http-nio-8080-exec-23] org.apache.catalina.core.ApplicationContext.log Manager: list: Listing contexts for virtual host 'localhost'
03-Nov-2021 15:54:36.176 INFO [http-nio-8080-exec-23] org.apache.catalina.core.ApplicationContext.log Manager: list: Listing contexts for virtual host 'localhost'
03-Nov-2021 15:55:10.465 INFO [http-nio-8080-exec-25] org.apache.catalina.core.ApplicationContext.log Manager: list: Listing contexts for virtual host 'localhost'
03-Nov-2021 15:55:36.533 INFO [http-nio-8080-exec-30] org.apache.catalina.core.ApplicationContext.log Manager: list: Listing contexts for virtual host 'localhost'
03-Nov-2021 15:55:44.240 INFO [http-nio-8080-exec-24] org.apache.catalina.core.ApplicationContext.log Manager: list: Listing contexts for virtual host 'localhost'
03-Nov-2021 15:56:27.518 INFO [http-nio-8080-exec-24] org.apache.catalina.core.ApplicationContext.log Manager: list: Listing contexts for virtual host 'localhost'
03-Nov-2021 16:01:50.249 INFO [http-nio-8080-exec-25] org.apache.catalina.core.ApplicationContext.log Manager: list: Listing contexts for virtual host 'localhost'
03-Nov-2021 16:01:50.269 INFO [http-nio-8080-exec-26] org.apache.catalina.core.ApplicationContext.log Manager: restart: Reloading web application '/Web'
03-Nov-2021 16:01:52.596 INFO [http-nio-8080-exec-30] org.apache.catalina.core.ApplicationContext.log Manager: list: Listing contexts for virtual host 'localhost'
03-Nov-2021 16:01:52.614 INFO [http-nio-8080-exec-29] org.apache.catalina.core.ApplicationContext.log Manager: restart: Reloading web application '/Web'
03-Nov-2021 16:02:10.532 INFO [http-nio-8080-exec-28] org.apache.catalina.core.ApplicationContext.log Manager: list: Listing contexts for virtual host 'localhost'
03-Nov-2021 16:02:10.551 INFO [http-nio-8080-exec-21] org.apache.catalina.core.ApplicationContext.log Manager: restart: Reloading web application '/Web'
03-Nov-2021 16:04:40.094 INFO [http-nio-8080-exec-35] org.apache.catalina.core.ApplicationContext.log Manager: list: Listing contexts for virtual host 'localhost'
03-Nov-2021 16:04:40.117 INFO [http-nio-8080-exec-36] org.apache.catalina.core.ApplicationContext.log Manager: restart: Reloading web application '/Web'
03-Nov-2021 16:04:40.871 INFO [http-nio-8080-exec-39] org.apache.catalina.core.ApplicationContext.log Manager: list: Listing contexts for virtual host 'localhost'
03-Nov-2021 16:04:40.886 INFO [http-nio-8080-exec-28] org.apache.catalina.core.ApplicationContext.log Manager: restart: Reloading web application '/Web'
03-Nov-2021 16:06:08.465 INFO [http-nio-8080-exec-42] org.apache.catalina.core.ApplicationContext.log Manager: list: Listing contexts for virtual host 'localhost'
03-Nov-2021 16:06:08.486 INFO [http-nio-8080-exec-37] org.apache.catalina.core.ApplicationContext.log Manager: restart: Reloading web application '/Web'
03-Nov-2021 16:06:42.750 INFO [http-nio-8080-exec-38] org.apache.catalina.core.ApplicationContext.log Manager: list: Listing contexts for virtual host 'localhost'
03-Nov-2021 16:06:42.777 INFO [http-nio-8080-exec-41] org.apache.catalina.core.ApplicationContext.log Manager: restart: Reloading web application '/Web'
03-Nov-2021 16:06:43.506 INFO [http-nio-8080-exec-38] org.apache.catalina.core.ApplicationContext.log Manager: list: Listing contexts for virtual host 'localhost'
03-Nov-2021 16:06:43.520 INFO [http-nio-8080-exec-44] org.apache.catalina.core.ApplicationContext.log Manager: restart: Reloading web application '/Web'
03-Nov-2021 16:06:52.801 INFO [http-nio-8080-exec-23] org.apache.catalina.core.ApplicationContext.log Manager: list: Listing contexts for virtual host 'localhost'
03-Nov-2021 16:06:52.817 INFO [http-nio-8080-exec-36] org.apache.catalina.core.ApplicationContext.log Manager: restart: Reloading web application '/Web'
03-Nov-2021 16:06:53.448 INFO [http-nio-8080-exec-29] org.apache.catalina.core.ApplicationContext.log Manager: list: Listing contexts for virtual host 'localhost'
03-Nov-2021 16:06:53.462 INFO [http-nio-8080-exec-46] org.apache.catalina.core.ApplicationContext.log Manager: restart: Reloading web application '/Web'
03-Nov-2021 16:13:48.628 INFO [http-nio-8080-exec-48] org.apache.catalina.core.ApplicationContext.log Manager: list: Listing contexts for virtual host 'localhost'
03-Nov-2021 16:13:48.635 INFO [http-nio-8080-exec-50] org.apache.catalina.core.ApplicationContext.log Manager: restart: Reloading web application '/Web'
03-Nov-2021 16:14:20.224 INFO [http-nio-8080-exec-53] org.apache.catalina.core.ApplicationContext.log Manager: list: Listing contexts for virtual host 'localhost'
03-Nov-2021 16:14:20.230 INFO [http-nio-8080-exec-52] org.apache.catalina.core.ApplicationContext.log Manager: restart: Reloading web application '/Web'
03-Nov-2021 16:14:47.944 INFO [http-nio-8080-exec-53] org.apache.catalina.core.ApplicationContext.log Manager: list: Listing contexts for virtual host 'localhost'
03-Nov-2021 16:14:47.951 INFO [http-nio-8080-exec-50] org.apache.catalina.core.ApplicationContext.log Manager: restart: Reloading web application '/Web'
03-Nov-2021 16:15:12.923 INFO [http-nio-8080-exec-55] org.apache.catalina.core.ApplicationContext.log Manager: list: Listing contexts for virtual host 'localhost'
03-Nov-2021 16:15:12.931 INFO [http-nio-8080-exec-47] org.apache.catalina.core.ApplicationContext.log Manager: restart: Reloading web application '/Web'
03-Nov-2021 16:15:38.460 INFO [http-nio-8080-exec-57] org.apache.catalina.core.ApplicationContext.log Manager: list: Listing contexts for virtual host 'localhost'
03-Nov-2021 16:15:38.467 INFO [http-nio-8080-exec-52] org.apache.catalina.core.ApplicationContext.log Manager: restart: Reloading web application '/Web'
03-Nov-2021 16:16:44.547 INFO [http-nio-8080-exec-57] org.apache.catalina.core.ApplicationContext.log Manager: list: Listing contexts for virtual host 'localhost'
03-Nov-2021 16:16:44.558 INFO [http-nio-8080-exec-56] org.apache.catalina.core.ApplicationContext.log Manager: restart: Reloading web application '/Web'
03-Nov-2021 16:17:25.375 INFO [http-nio-8080-exec-59] org.apache.catalina.core.ApplicationContext.log Manager: list: Listing contexts for virtual host 'localhost'
03-Nov-2021 16:17:25.387 INFO [http-nio-8080-exec-58] org.apache.catalina.core.ApplicationContext.log Manager: restart: Reloading web application '/Web'
03-Nov-2021 16:17:28.092 INFO [http-nio-8080-exec-57] org.apache.catalina.core.ApplicationContext.log Manager: list: Listing contexts for virtual host 'localhost'
03-Nov-2021 16:17:28.104 INFO [http-nio-8080-exec-60] org.apache.catalina.core.ApplicationContext.log Manager: restart: Reloading web application '/Web'
03-Nov-2021 16:18:20.359 INFO [http-nio-8080-exec-50] org.apache.catalina.core.ApplicationContext.log Manager: list: Listing contexts for virtual host 'localhost'
03-Nov-2021 16:18:20.376 INFO [http-nio-8080-exec-62] org.apache.catalina.core.ApplicationContext.log Manager: stop: Stopping web application '/Web'
03-Nov-2021 16:18:20.393 INFO [http-nio-8080-exec-60] org.apache.catalina.core.ApplicationContext.log Manager: start: Starting web application '/Web'
03-Nov-2021 16:18:21.351 INFO [http-nio-8080-exec-61] org.apache.catalina.core.ApplicationContext.log Manager: list: Listing contexts for virtual host 'localhost'
03-Nov-2021 16:18:21.363 INFO [http-nio-8080-exec-57] org.apache.catalina.core.ApplicationContext.log Manager: stop: Stopping web application '/Web'
03-Nov-2021 16:18:21.376 INFO [http-nio-8080-exec-63] org.apache.catalina.core.ApplicationContext.log Manager: start: Starting web application '/Web'
03-Nov-2021 16:20:18.689 INFO [http-nio-8080-exec-63] org.apache.catalina.core.ApplicationContext.log Manager: list: Listing contexts for virtual host 'localhost'
03-Nov-2021 16:20:18.695 INFO [http-nio-8080-exec-59] org.apache.catalina.core.ApplicationContext.log Manager: restart: Reloading web application '/Web'
03-Nov-2021 16:21:39.646 INFO [http-nio-8080-exec-63] org.apache.catalina.core.ApplicationContext.log Manager: list: Listing contexts for virtual host 'localhost'
03-Nov-2021 16:21:39.670 INFO [http-nio-8080-exec-50] org.apache.catalina.core.ApplicationContext.log Manager: restart: Reloading web application '/Web'
03-Nov-2021 16:22:11.300 INFO [http-nio-8080-exec-60] org.apache.catalina.core.ApplicationContext.log Manager: list: Listing contexts for virtual host 'localhost'
03-Nov-2021 16:22:11.306 INFO [http-nio-8080-exec-68] org.apache.catalina.core.ApplicationContext.log Manager: restart: Reloading web application '/Web'
03-Nov-2021 16:25:18.784 INFO [http-nio-8080-exec-58] org.apache.catalina.core.ApplicationContext.log Manager: list: Listing contexts for virtual host 'localhost'
03-Nov-2021 16:26:18.673 INFO [http-nio-8080-exec-74] org.apache.catalina.core.ApplicationContext.log Manager: list: Listing contexts for virtual host 'localhost'
03-Nov-2021 16:27:54.238 INFO [http-nio-8080-exec-77] org.apache.catalina.core.ApplicationContext.log Manager: list: Listing contexts for virtual host 'localhost'
03-Nov-2021 16:29:00.156 INFO [http-nio-8080-exec-77] org.apache.catalina.core.ApplicationContext.log Manager: list: Listing contexts for virtual host 'localhost'
03-Nov-2021 16:29:42.554 INFO [http-nio-8080-exec-70] org.apache.catalina.core.ApplicationContext.log Manager: list: Listing contexts for virtual host 'localhost'
03-Nov-2021 16:30:13.584 INFO [http-nio-8080-exec-79] org.apache.catalina.core.ApplicationContext.log Manager: list: Listing contexts for virtual host 'localhost'
03-Nov-2021 16:31:42.782 INFO [http-nio-8080-exec-72] org.apache.catalina.core.ApplicationContext.log Manager: list: Listing contexts for virtual host 'localhost'
03-Nov-2021 16:32:37.435 INFO [http-nio-8080-exec-72] org.apache.catalina.core.ApplicationContext.log Manager: list: Listing contexts for virtual host 'localhost'
03-Nov-2021 16:33:38.523 INFO [http-nio-8080-exec-78] org.apache.catalina.core.ApplicationContext.log Manager: list: Listing contexts for virtual host 'localhost'
03-Nov-2021 16:34:47.302 INFO [http-nio-8080-exec-72] org.apache.catalina.core.ApplicationContext.log Manager: list: Listing contexts for virtual host 'localhost'
03-Nov-2021 16:35:47.304 INFO [http-nio-8080-exec-72] org.apache.catalina.core.ApplicationContext.log Manager: list: Listing contexts for virtual host 'localhost'
03-Nov-2021 16:36:02.773 INFO [http-nio-8080-exec-76] org.apache.catalina.core.ApplicationContext.log Manager: list: Listing contexts for virtual host 'localhost'
03-Nov-2021 16:36:16.321 INFO [http-nio-8080-exec-79] org.apache.catalina.core.ApplicationContext.log Manager: list: Listing contexts for virtual host 'localhost'
03-Nov-2021 16:36:48.348 INFO [http-nio-8080-exec-79] org.apache.catalina.core.ApplicationContext.log Manager: list: Listing contexts for virtual host 'localhost'
03-Nov-2021 16:37:38.859 INFO [http-nio-8080-exec-79] org.apache.catalina.core.ApplicationContext.log Manager: list: Listing contexts for virtual host 'localhost'
03-Nov-2021 16:38:19.397 INFO [http-nio-8080-exec-79] org.apache.catalina.core.ApplicationContext.log Manager: list: Listing contexts for virtual host 'localhost'
03-Nov-2021 16:38:50.644 INFO [http-nio-8080-exec-73] org.apache.catalina.core.ApplicationContext.log Manager: list: Listing contexts for virtual host 'localhost'
03-Nov-2021 16:38:50.647 INFO [http-nio-8080-exec-76] org.apache.catalina.core.ApplicationContext.log Manager: list: Listing contexts for virtual host 'localhost'
03-Nov-2021 16:38:50.694 INFO [http-nio-8080-exec-70] org.apache.catalina.core.ApplicationContext.log Manager: stop: Stopping web application '/Web'
03-Nov-2021 16:38:50.701 INFO [http-nio-8080-exec-74] org.apache.catalina.core.ApplicationContext.log Manager: start: Starting web application '/Web'
03-Nov-2021 16:40:49.491 INFO [http-nio-8080-exec-83] org.apache.catalina.core.ApplicationContext.log Manager: list: Listing contexts for virtual host 'localhost'
03-Nov-2021 16:41:01.667 INFO [http-nio-8080-exec-85] org.apache.catalina.core.ApplicationContext.log Manager: list: Listing contexts for virtual host 'localhost'
